<?xml version="1.0" encoding="UTF-8"?>
<testsuite name="NoteServiceTest" tests="3" skipped="0" failures="3" errors="0" timestamp="2022-06-14T13:43:29" hostname="RABOTA" time="0.014">
  <properties/>
  <testcase name="delete_notDeleteIsDeletedTrue" classname="NoteServiceTest" time="0.008">
    <failure message="java.lang.StackOverflowError" type="java.lang.StackOverflowError">java.lang.StackOverflowError
	at CommentService.&lt;init&gt;(CommentService.kt:4)
	at NoteService.&lt;init&gt;(NoteService.kt:4)
	at CommentService.&lt;init&gt;(CommentService.kt:4)
	at NoteService.&lt;init&gt;(NoteService.kt:4)
	at CommentService.&lt;init&gt;(CommentService.kt:4)
	at NoteService.&lt;init&gt;(NoteService.kt:4)
	at CommentService.&lt;init&gt;(CommentService.kt:4)
	at NoteService.&lt;init&gt;(NoteService.kt:4)
	at CommentService.&lt;init&gt;(CommentService.kt:4)
	at NoteService.&lt;init&gt;(NoteService.kt:4)
	at CommentService.&lt;init&gt;(CommentService.kt:4)
	at NoteService.&lt;init&gt;(NoteService.kt:4)
	at CommentService.&lt;init&gt;(CommentService.kt:4)
	at NoteService.&lt;init&gt;(NoteService.kt:4)
	at CommentService.&lt;init&gt;(CommentService.kt:4)
	at NoteService.&lt;init&gt;(NoteService.kt:4)
	at CommentService.&lt;init&gt;(CommentService.kt:4)
	at NoteService.&lt;init&gt;(NoteService.kt:4)
	at CommentService.&lt;init&gt;(CommentService.kt:4)
	at NoteService.&lt;init&gt;(NoteService.kt:4)
	at CommentService.&lt;init&gt;(CommentService.kt:4)
	at NoteService.&lt;init&gt;(NoteService.kt:4)
	at CommentService.&lt;init&gt;(CommentService.kt:4)
	at NoteService.&lt;init&gt;(NoteService.kt:4)
	at CommentService.&lt;init&gt;(CommentService.kt:4)
	at NoteService.&lt;init&gt;(NoteService.kt:4)
	at CommentService.&lt;init&gt;(CommentService.kt:4)
	at NoteService.&lt;init&gt;(NoteService.kt:4)
	at CommentService.&lt;init&gt;(CommentService.kt:4)
	at NoteService.&lt;init&gt;(NoteService.kt:4)
	at CommentService.&lt;init&gt;(CommentService.kt:4)
	at NoteService.&lt;init&gt;(NoteService.kt:4)
	at CommentService.&lt;init&gt;(CommentService.kt:4)
	at NoteService.&lt;init&gt;(NoteService.kt:4)
	at CommentService.&lt;init&gt;(CommentService.kt:4)
	at NoteService.&lt;init&gt;(NoteService.kt:4)
	at CommentService.&lt;init&gt;(CommentService.kt:4)
	at NoteService.&lt;init&gt;(NoteService.kt:4)
	at CommentService.&lt;init&gt;(CommentService.kt:4)
	at NoteService.&lt;init&gt;(NoteService.kt:4)
	at CommentService.&lt;init&gt;(CommentService.kt:4)
	at NoteService.&lt;init&gt;(NoteService.kt:4)
	at CommentService.&lt;init&gt;(CommentService.kt:4)
	at NoteService.&lt;init&gt;(NoteService.kt:4)
	at CommentService.&lt;init&gt;(CommentService.kt:4)
	at NoteService.&lt;init&gt;(NoteService.kt:4)
	at CommentService.&lt;init&gt;(CommentService.kt:4)
	at NoteService.&lt;init&gt;(NoteService.kt:4)
	at CommentService.&lt;init&gt;(CommentService.kt:4)
	at NoteService.&lt;init&gt;(NoteService.kt:4)
	at CommentService.&lt;init&gt;(CommentService.kt:4)
	at NoteService.&lt;init&gt;(NoteService.kt:4)
	at CommentService.&lt;init&gt;(CommentService.kt:4)
	at NoteService.&lt;init&gt;(NoteService.kt:4)
	at CommentService.&lt;init&gt;(CommentService.kt:4)
	at NoteService.&lt;init&gt;(NoteService.kt:4)
	at CommentService.&lt;init&gt;(CommentService.kt:4)
	at NoteService.&lt;init&gt;(NoteService.kt:4)
	at CommentService.&lt;init&gt;(CommentService.kt:4)
	at NoteService.&lt;init&gt;(NoteService.kt:4)
	at CommentService.&lt;init&gt;(CommentService.kt:4)
	at NoteService.&lt;init&gt;(NoteService.kt:4)
	at CommentService.&lt;init&gt;(CommentService.kt:4)
	at NoteService.&lt;init&gt;(NoteService.kt:4)
	at CommentService.&lt;init&gt;(CommentService.kt:4)
	at NoteService.&lt;init&gt;(NoteService.kt:4)
	at CommentService.&lt;init&gt;(CommentService.kt:4)
	at NoteService.&lt;init&gt;(NoteService.kt:4)
	at CommentService.&lt;init&gt;(CommentService.kt:4)
	at NoteService.&lt;init&gt;(NoteService.kt:4)
	at CommentService.&lt;init&gt;(CommentService.kt:4)
	at NoteService.&lt;init&gt;(NoteService.kt:4)
	at CommentService.&lt;init&gt;(CommentService.kt:4)
	at NoteService.&lt;init&gt;(NoteService.kt:4)
	at CommentService.&lt;init&gt;(CommentService.kt:4)
	at NoteService.&lt;init&gt;(NoteService.kt:4)
	at CommentService.&lt;init&gt;(CommentService.kt:4)
	at NoteService.&lt;init&gt;(NoteService.kt:4)
	at CommentService.&lt;init&gt;(CommentService.kt:4)
	at NoteService.&lt;init&gt;(NoteService.kt:4)
	at CommentService.&lt;init&gt;(CommentService.kt:4)
	at NoteService.&lt;init&gt;(NoteService.kt:4)
	at CommentService.&lt;init&gt;(CommentService.kt:4)
	at NoteService.&lt;init&gt;(NoteService.kt:4)
	at CommentService.&lt;init&gt;(CommentService.kt:4)
	at NoteService.&lt;init&gt;(NoteService.kt:4)
	at CommentService.&lt;init&gt;(CommentService.kt:4)
	at NoteService.&lt;init&gt;(NoteService.kt:4)
	at CommentService.&lt;init&gt;(CommentService.kt:4)
	at NoteService.&lt;init&gt;(NoteService.kt:4)
	at CommentService.&lt;init&gt;(CommentService.kt:4)
	at NoteService.&lt;init&gt;(NoteService.kt:4)
	at CommentService.&lt;init&gt;(CommentService.kt:4)
	at NoteService.&lt;init&gt;(NoteService.kt:4)
	at CommentService.&lt;init&gt;(CommentService.kt:4)
	at NoteService.&lt;init&gt;(NoteService.kt:4)
	at CommentService.&lt;init&gt;(CommentService.kt:4)
	at NoteService.&lt;init&gt;(NoteService.kt:4)
	at CommentService.&lt;init&gt;(CommentService.kt:4)
	at NoteService.&lt;init&gt;(NoteService.kt:4)
	at CommentService.&lt;init&gt;(CommentService.kt:4)
	at NoteService.&lt;init&gt;(NoteService.kt:4)
	at CommentService.&lt;init&gt;(CommentService.kt:4)
	at NoteService.&lt;init&gt;(NoteService.kt:4)
	at CommentService.&lt;init&gt;(CommentService.kt:4)
	at NoteService.&lt;init&gt;(NoteService.kt:4)
	at CommentService.&lt;init&gt;(CommentService.kt:4)
	at NoteService.&lt;init&gt;(NoteService.kt:4)
	at CommentService.&lt;init&gt;(CommentService.kt:4)
	at NoteService.&lt;init&gt;(NoteService.kt:4)
	at CommentService.&lt;init&gt;(CommentService.kt:4)
	at NoteService.&lt;init&gt;(NoteService.kt:4)
	at CommentService.&lt;init&gt;(CommentService.kt:4)
	at NoteService.&lt;init&gt;(NoteService.kt:4)
	at CommentService.&lt;init&gt;(CommentService.kt:4)
	at NoteService.&lt;init&gt;(NoteService.kt:4)
	at CommentService.&lt;init&gt;(CommentService.kt:4)
	at NoteService.&lt;init&gt;(NoteService.kt:4)
	at CommentService.&lt;init&gt;(CommentService.kt:4)
	at NoteService.&lt;init&gt;(NoteService.kt:4)
	at CommentService.&lt;init&gt;(CommentService.kt:4)
	at NoteService.&lt;init&gt;(NoteService.kt:4)
	at CommentService.&lt;init&gt;(CommentService.kt:4)
	at NoteService.&lt;init&gt;(NoteService.kt:4)
	at CommentService.&lt;init&gt;(CommentService.kt:4)
	at NoteService.&lt;init&gt;(NoteService.kt:4)
	at CommentService.&lt;init&gt;(CommentService.kt:4)
	at NoteService.&lt;init&gt;(NoteService.kt:4)
	at CommentService.&lt;init&gt;(CommentService.kt:4)
	at NoteService.&lt;init&gt;(NoteService.kt:4)
	at CommentService.&lt;init&gt;(CommentService.kt:4)
	at NoteService.&lt;init&gt;(NoteService.kt:4)
	at CommentService.&lt;init&gt;(CommentService.kt:4)
	at NoteService.&lt;init&gt;(NoteService.kt:4)
	at CommentService.&lt;init&gt;(CommentService.kt:4)
	at NoteService.&lt;init&gt;(NoteService.kt:4)
	at CommentService.&lt;init&gt;(CommentService.kt:4)
	at NoteService.&lt;init&gt;(NoteService.kt:4)
	at CommentService.&lt;init&gt;(CommentService.kt:4)
	at NoteService.&lt;init&gt;(NoteService.kt:4)
	at CommentService.&lt;init&gt;(CommentService.kt:4)
	at NoteService.&lt;init&gt;(NoteService.kt:4)
	at CommentService.&lt;init&gt;(CommentService.kt:4)
	at NoteService.&lt;init&gt;(NoteService.kt:4)
	at CommentService.&lt;init&gt;(CommentService.kt:4)
	at NoteService.&lt;init&gt;(NoteService.kt:4)
	at CommentService.&lt;init&gt;(CommentService.kt:4)
	at NoteService.&lt;init&gt;(NoteService.kt:4)
	at CommentService.&lt;init&gt;(CommentService.kt:4)
	at NoteService.&lt;init&gt;(NoteService.kt:4)
	at CommentService.&lt;init&gt;(CommentService.kt:4)
	at NoteService.&lt;init&gt;(NoteService.kt:4)
	at CommentService.&lt;init&gt;(CommentService.kt:4)
	at NoteService.&lt;init&gt;(NoteService.kt:4)
	at CommentService.&lt;init&gt;(CommentService.kt:4)
	at NoteService.&lt;init&gt;(NoteService.kt:4)
	at CommentService.&lt;init&gt;(CommentService.kt:4)
	at NoteService.&lt;init&gt;(NoteService.kt:4)
	at CommentService.&lt;init&gt;(CommentService.kt:4)
	at NoteService.&lt;init&gt;(NoteService.kt:4)
	at CommentService.&lt;init&gt;(CommentService.kt:4)
	at NoteService.&lt;init&gt;(NoteService.kt:4)
	at CommentService.&lt;init&gt;(CommentService.kt:4)
	at NoteService.&lt;init&gt;(NoteService.kt:4)
	at CommentService.&lt;init&gt;(CommentService.kt:4)
	at NoteService.&lt;init&gt;(NoteService.kt:4)
	at CommentService.&lt;init&gt;(CommentService.kt:4)
	at NoteService.&lt;init&gt;(NoteService.kt:4)
	at CommentService.&lt;init&gt;(CommentService.kt:4)
	at NoteService.&lt;init&gt;(NoteService.kt:4)
	at CommentService.&lt;init&gt;(CommentService.kt:4)
	at NoteService.&lt;init&gt;(NoteService.kt:4)
	at CommentService.&lt;init&gt;(CommentService.kt:4)
	at NoteService.&lt;init&gt;(NoteService.kt:4)
	at CommentService.&lt;init&gt;(CommentService.kt:4)
	at NoteService.&lt;init&gt;(NoteService.kt:4)
	at CommentService.&lt;init&gt;(CommentService.kt:4)
	at NoteService.&lt;init&gt;(NoteService.kt:4)
	at CommentService.&lt;init&gt;(CommentService.kt:4)
	at NoteService.&lt;init&gt;(NoteService.kt:4)
	at CommentService.&lt;init&gt;(CommentService.kt:4)
	at NoteService.&lt;init&gt;(NoteService.kt:4)
	at CommentService.&lt;init&gt;(CommentService.kt:4)
	at NoteService.&lt;init&gt;(NoteService.kt:4)
	at CommentService.&lt;init&gt;(CommentService.kt:4)
	at NoteService.&lt;init&gt;(NoteService.kt:4)
	at CommentService.&lt;init&gt;(CommentService.kt:4)
	at NoteService.&lt;init&gt;(NoteService.kt:4)
	at CommentService.&lt;init&gt;(CommentService.kt:4)
	at NoteService.&lt;init&gt;(NoteService.kt:4)
	at CommentService.&lt;init&gt;(CommentService.kt:4)
	at NoteService.&lt;init&gt;(NoteService.kt:4)
	at CommentService.&lt;init&gt;(CommentService.kt:4)
	at NoteService.&lt;init&gt;(NoteService.kt:4)
	at CommentService.&lt;init&gt;(CommentService.kt:4)
	at NoteService.&lt;init&gt;(NoteService.kt:4)
	at CommentService.&lt;init&gt;(CommentService.kt:4)
	at NoteService.&lt;init&gt;(NoteService.kt:4)
	at CommentService.&lt;init&gt;(CommentService.kt:4)
	at NoteService.&lt;init&gt;(NoteService.kt:4)
	at CommentService.&lt;init&gt;(CommentService.kt:4)
	at NoteService.&lt;init&gt;(NoteService.kt:4)
	at CommentService.&lt;init&gt;(CommentService.kt:4)
	at NoteService.&lt;init&gt;(NoteService.kt:4)
	at CommentService.&lt;init&gt;(CommentService.kt:4)
	at NoteService.&lt;init&gt;(NoteService.kt:4)
	at CommentService.&lt;init&gt;(CommentService.kt:4)
	at NoteService.&lt;init&gt;(NoteService.kt:4)
	at CommentService.&lt;init&gt;(CommentService.kt:4)
	at NoteService.&lt;init&gt;(NoteService.kt:4)
	at CommentService.&lt;init&gt;(CommentService.kt:4)
	at NoteService.&lt;init&gt;(NoteService.kt:4)
	at CommentService.&lt;init&gt;(CommentService.kt:4)
	at NoteService.&lt;init&gt;(NoteService.kt:4)
	at CommentService.&lt;init&gt;(CommentService.kt:4)
	at NoteService.&lt;init&gt;(NoteService.kt:4)
	at CommentService.&lt;init&gt;(CommentService.kt:4)
	at NoteService.&lt;init&gt;(NoteService.kt:4)
	at CommentService.&lt;init&gt;(CommentService.kt:4)
	at NoteService.&lt;init&gt;(NoteService.kt:4)
	at CommentService.&lt;init&gt;(CommentService.kt:4)
	at NoteService.&lt;init&gt;(NoteService.kt:4)
	at CommentService.&lt;init&gt;(CommentService.kt:4)
	at NoteService.&lt;init&gt;(NoteService.kt:4)
	at CommentService.&lt;init&gt;(CommentService.kt:4)
	at NoteService.&lt;init&gt;(NoteService.kt:4)
	at CommentService.&lt;init&gt;(CommentService.kt:4)
	at NoteService.&lt;init&gt;(NoteService.kt:4)
	at CommentService.&lt;init&gt;(CommentService.kt:4)
	at NoteService.&lt;init&gt;(NoteService.kt:4)
	at CommentService.&lt;init&gt;(CommentService.kt:4)
	at NoteService.&lt;init&gt;(NoteService.kt:4)
	at CommentService.&lt;init&gt;(CommentService.kt:4)
	at NoteService.&lt;init&gt;(NoteService.kt:4)
	at CommentService.&lt;init&gt;(CommentService.kt:4)
	at NoteService.&lt;init&gt;(NoteService.kt:4)
	at CommentService.&lt;init&gt;(CommentService.kt:4)
	at NoteService.&lt;init&gt;(NoteService.kt:4)
	at CommentService.&lt;init&gt;(CommentService.kt:4)
	at NoteService.&lt;init&gt;(NoteService.kt:4)
	at CommentService.&lt;init&gt;(CommentService.kt:4)
	at NoteService.&lt;init&gt;(NoteService.kt:4)
	at CommentService.&lt;init&gt;(CommentService.kt:4)
	at NoteService.&lt;init&gt;(NoteService.kt:4)
	at CommentService.&lt;init&gt;(CommentService.kt:4)
	at NoteService.&lt;init&gt;(NoteService.kt:4)
	at CommentService.&lt;init&gt;(CommentService.kt:4)
	at NoteService.&lt;init&gt;(NoteService.kt:4)
	at CommentService.&lt;init&gt;(CommentService.kt:4)
	at NoteService.&lt;init&gt;(NoteService.kt:4)
	at CommentService.&lt;init&gt;(CommentService.kt:4)
	at NoteService.&lt;init&gt;(NoteService.kt:4)
	at CommentService.&lt;init&gt;(CommentService.kt:4)
	at NoteService.&lt;init&gt;(NoteService.kt:4)
	at CommentService.&lt;init&gt;(CommentService.kt:4)
	at NoteService.&lt;init&gt;(NoteService.kt:4)
	at CommentService.&lt;init&gt;(CommentService.kt:4)
	at NoteService.&lt;init&gt;(NoteService.kt:4)
	at CommentService.&lt;init&gt;(CommentService.kt:4)
	at NoteService.&lt;init&gt;(NoteService.kt:4)
	at CommentService.&lt;init&gt;(CommentService.kt:4)
	at NoteService.&lt;init&gt;(NoteService.kt:4)
	at CommentService.&lt;init&gt;(CommentService.kt:4)
	at NoteService.&lt;init&gt;(NoteService.kt:4)
	at CommentService.&lt;init&gt;(CommentService.kt:4)
	at NoteService.&lt;init&gt;(NoteService.kt:4)
	at CommentService.&lt;init&gt;(CommentService.kt:4)
	at NoteService.&lt;init&gt;(NoteService.kt:4)
	at CommentService.&lt;init&gt;(CommentService.kt:4)
	at NoteService.&lt;init&gt;(NoteService.kt:4)
	at CommentService.&lt;init&gt;(CommentService.kt:4)
	at NoteService.&lt;init&gt;(NoteService.kt:4)
	at CommentService.&lt;init&gt;(CommentService.kt:4)
	at NoteService.&lt;init&gt;(NoteService.kt:4)
	at CommentService.&lt;init&gt;(CommentService.kt:4)
	at NoteService.&lt;init&gt;(NoteService.kt:4)
	at CommentService.&lt;init&gt;(CommentService.kt:4)
	at NoteService.&lt;init&gt;(NoteService.kt:4)
	at CommentService.&lt;init&gt;(CommentService.kt:4)
	at NoteService.&lt;init&gt;(NoteService.kt:4)
	at CommentService.&lt;init&gt;(CommentService.kt:4)
	at NoteService.&lt;init&gt;(NoteService.kt:4)
	at CommentService.&lt;init&gt;(CommentService.kt:4)
	at NoteService.&lt;init&gt;(NoteService.kt:4)
	at CommentService.&lt;init&gt;(CommentService.kt:4)
	at NoteService.&lt;init&gt;(NoteService.kt:4)
	at CommentService.&lt;init&gt;(CommentService.kt:4)
	at NoteService.&lt;init&gt;(NoteService.kt:4)
	at CommentService.&lt;init&gt;(CommentService.kt:4)
	at NoteService.&lt;init&gt;(NoteService.kt:4)
	at CommentService.&lt;init&gt;(CommentService.kt:4)
	at NoteService.&lt;init&gt;(NoteService.kt:4)
	at CommentService.&lt;init&gt;(CommentService.kt:4)
	at NoteService.&lt;init&gt;(NoteService.kt:4)
	at CommentService.&lt;init&gt;(CommentService.kt:4)
	at NoteService.&lt;init&gt;(NoteService.kt:4)
	at CommentService.&lt;init&gt;(CommentService.kt:4)
	at NoteService.&lt;init&gt;(NoteService.kt:4)
	at CommentService.&lt;init&gt;(CommentService.kt:4)
	at NoteService.&lt;init&gt;(NoteService.kt:4)
	at CommentService.&lt;init&gt;(CommentService.kt:4)
	at NoteService.&lt;init&gt;(NoteService.kt:4)
	at CommentService.&lt;init&gt;(CommentService.kt:4)
	at NoteService.&lt;init&gt;(NoteService.kt:4)
	at CommentService.&lt;init&gt;(CommentService.kt:4)
	at NoteService.&lt;init&gt;(NoteService.kt:4)
	at CommentService.&lt;init&gt;(CommentService.kt:4)
	at NoteService.&lt;init&gt;(NoteService.kt:4)
	at CommentService.&lt;init&gt;(CommentService.kt:4)
	at NoteService.&lt;init&gt;(NoteService.kt:4)
	at CommentService.&lt;init&gt;(CommentService.kt:4)
	at NoteService.&lt;init&gt;(NoteService.kt:4)
	at CommentService.&lt;init&gt;(CommentService.kt:4)
	at NoteService.&lt;init&gt;(NoteService.kt:4)
	at CommentService.&lt;init&gt;(CommentService.kt:4)
	at NoteService.&lt;init&gt;(NoteService.kt:4)
	at CommentService.&lt;init&gt;(CommentService.kt:4)
	at NoteService.&lt;init&gt;(NoteService.kt:4)
	at CommentService.&lt;init&gt;(CommentService.kt:4)
	at NoteService.&lt;init&gt;(NoteService.kt:4)
	at CommentService.&lt;init&gt;(CommentService.kt:4)
	at NoteService.&lt;init&gt;(NoteService.kt:4)
	at CommentService.&lt;init&gt;(CommentService.kt:4)
	at NoteService.&lt;init&gt;(NoteService.kt:4)
	at CommentService.&lt;init&gt;(CommentService.kt:4)
	at NoteService.&lt;init&gt;(NoteService.kt:4)
	at CommentService.&lt;init&gt;(CommentService.kt:4)
	at NoteService.&lt;init&gt;(NoteService.kt:4)
	at CommentService.&lt;init&gt;(CommentService.kt:4)
	at NoteService.&lt;init&gt;(NoteService.kt:4)
	at CommentService.&lt;init&gt;(CommentService.kt:4)
	at NoteService.&lt;init&gt;(NoteService.kt:4)
	at CommentService.&lt;init&gt;(CommentService.kt:4)
	at NoteService.&lt;init&gt;(NoteService.kt:4)
	at CommentService.&lt;init&gt;(CommentService.kt:4)
	at NoteService.&lt;init&gt;(NoteService.kt:4)
	at CommentService.&lt;init&gt;(CommentService.kt:4)
	at NoteService.&lt;init&gt;(NoteService.kt:4)
	at CommentService.&lt;init&gt;(CommentService.kt:4)
	at NoteService.&lt;init&gt;(NoteService.kt:4)
	at CommentService.&lt;init&gt;(CommentService.kt:4)
	at NoteService.&lt;init&gt;(NoteService.kt:4)
	at CommentService.&lt;init&gt;(CommentService.kt:4)
	at NoteService.&lt;init&gt;(NoteService.kt:4)
	at CommentService.&lt;init&gt;(CommentService.kt:4)
	at NoteService.&lt;init&gt;(NoteService.kt:4)
	at CommentService.&lt;init&gt;(CommentService.kt:4)
	at NoteService.&lt;init&gt;(NoteService.kt:4)
	at CommentService.&lt;init&gt;(CommentService.kt:4)
	at NoteService.&lt;init&gt;(NoteService.kt:4)
	at CommentService.&lt;init&gt;(CommentService.kt:4)
	at NoteService.&lt;init&gt;(NoteService.kt:4)
	at CommentService.&lt;init&gt;(CommentService.kt:4)
	at NoteService.&lt;init&gt;(NoteService.kt:4)
	at CommentService.&lt;init&gt;(CommentService.kt:4)
	at NoteService.&lt;init&gt;(NoteService.kt:4)
	at CommentService.&lt;init&gt;(CommentService.kt:4)
	at NoteService.&lt;init&gt;(NoteService.kt:4)
	at CommentService.&lt;init&gt;(CommentService.kt:4)
	at NoteService.&lt;init&gt;(NoteService.kt:4)
	at CommentService.&lt;init&gt;(CommentService.kt:4)
	at NoteService.&lt;init&gt;(NoteService.kt:4)
	at CommentService.&lt;init&gt;(CommentService.kt:4)
	at NoteService.&lt;init&gt;(NoteService.kt:4)
	at CommentService.&lt;init&gt;(CommentService.kt:4)
	at NoteService.&lt;init&gt;(NoteService.kt:4)
	at CommentService.&lt;init&gt;(CommentService.kt:4)
	at NoteService.&lt;init&gt;(NoteService.kt:4)
	at CommentService.&lt;init&gt;(CommentService.kt:4)
	at NoteService.&lt;init&gt;(NoteService.kt:4)
	at CommentService.&lt;init&gt;(CommentService.kt:4)
	at NoteService.&lt;init&gt;(NoteService.kt:4)
	at CommentService.&lt;init&gt;(CommentService.kt:4)
	at NoteService.&lt;init&gt;(NoteService.kt:4)
	at CommentService.&lt;init&gt;(CommentService.kt:4)
	at NoteService.&lt;init&gt;(NoteService.kt:4)
	at CommentService.&lt;init&gt;(CommentService.kt:4)
	at NoteService.&lt;init&gt;(NoteService.kt:4)
	at CommentService.&lt;init&gt;(CommentService.kt:4)
	at NoteService.&lt;init&gt;(NoteService.kt:4)
	at CommentService.&lt;init&gt;(CommentService.kt:4)
	at NoteService.&lt;init&gt;(NoteService.kt:4)
	at CommentService.&lt;init&gt;(CommentService.kt:4)
	at NoteService.&lt;init&gt;(NoteService.kt:4)
	at CommentService.&lt;init&gt;(CommentService.kt:4)
	at NoteService.&lt;init&gt;(NoteService.kt:4)
	at CommentService.&lt;init&gt;(CommentService.kt:4)
	at NoteService.&lt;init&gt;(NoteService.kt:4)
	at CommentService.&lt;init&gt;(CommentService.kt:4)
	at NoteService.&lt;init&gt;(NoteService.kt:4)
	at CommentService.&lt;init&gt;(CommentService.kt:4)
	at NoteService.&lt;init&gt;(NoteService.kt:4)
	at CommentService.&lt;init&gt;(CommentService.kt:4)
	at NoteService.&lt;init&gt;(NoteService.kt:4)
	at CommentService.&lt;init&gt;(CommentService.kt:4)
	at NoteService.&lt;init&gt;(NoteService.kt:4)
	at CommentService.&lt;init&gt;(CommentService.kt:4)
	at NoteService.&lt;init&gt;(NoteService.kt:4)
	at CommentService.&lt;init&gt;(CommentService.kt:4)
	at NoteService.&lt;init&gt;(NoteService.kt:4)
	at CommentService.&lt;init&gt;(CommentService.kt:4)
	at NoteService.&lt;init&gt;(NoteService.kt:4)
	at CommentService.&lt;init&gt;(CommentService.kt:4)
	at NoteService.&lt;init&gt;(NoteService.kt:4)
	at CommentService.&lt;init&gt;(CommentService.kt:4)
	at NoteService.&lt;init&gt;(NoteService.kt:4)
	at CommentService.&lt;init&gt;(CommentService.kt:4)
	at NoteService.&lt;init&gt;(NoteService.kt:4)
	at CommentService.&lt;init&gt;(CommentService.kt:4)
	at NoteService.&lt;init&gt;(NoteService.kt:4)
	at CommentService.&lt;init&gt;(CommentService.kt:4)
	at NoteService.&lt;init&gt;(NoteService.kt:4)
	at CommentService.&lt;init&gt;(CommentService.kt:4)
	at NoteService.&lt;init&gt;(NoteService.kt:4)
	at CommentService.&lt;init&gt;(CommentService.kt:4)
	at NoteService.&lt;init&gt;(NoteService.kt:4)
	at CommentService.&lt;init&gt;(CommentService.kt:4)
	at NoteService.&lt;init&gt;(NoteService.kt:4)
	at CommentService.&lt;init&gt;(CommentService.kt:4)
	at NoteService.&lt;init&gt;(NoteService.kt:4)
	at CommentService.&lt;init&gt;(CommentService.kt:4)
	at NoteService.&lt;init&gt;(NoteService.kt:4)
	at CommentService.&lt;init&gt;(CommentService.kt:4)
	at NoteService.&lt;init&gt;(NoteService.kt:4)
	at CommentService.&lt;init&gt;(CommentService.kt:4)
	at NoteService.&lt;init&gt;(NoteService.kt:4)
	at CommentService.&lt;init&gt;(CommentService.kt:4)
	at NoteService.&lt;init&gt;(NoteService.kt:4)
	at CommentService.&lt;init&gt;(CommentService.kt:4)
	at NoteService.&lt;init&gt;(NoteService.kt:4)
	at CommentService.&lt;init&gt;(CommentService.kt:4)
	at NoteService.&lt;init&gt;(NoteService.kt:4)
	at CommentService.&lt;init&gt;(CommentService.kt:4)
	at NoteService.&lt;init&gt;(NoteService.kt:4)
	at CommentService.&lt;init&gt;(CommentService.kt:4)
	at NoteService.&lt;init&gt;(NoteService.kt:4)
	at CommentService.&lt;init&gt;(CommentService.kt:4)
	at NoteService.&lt;init&gt;(NoteService.kt:4)
	at CommentService.&lt;init&gt;(CommentService.kt:4)
	at NoteService.&lt;init&gt;(NoteService.kt:4)
	at CommentService.&lt;init&gt;(CommentService.kt:4)
	at NoteService.&lt;init&gt;(NoteService.kt:4)
	at CommentService.&lt;init&gt;(CommentService.kt:4)
	at NoteService.&lt;init&gt;(NoteService.kt:4)
	at CommentService.&lt;init&gt;(CommentService.kt:4)
	at NoteService.&lt;init&gt;(NoteService.kt:4)
	at CommentService.&lt;init&gt;(CommentService.kt:4)
	at NoteService.&lt;init&gt;(NoteService.kt:4)
	at CommentService.&lt;init&gt;(CommentService.kt:4)
	at NoteService.&lt;init&gt;(NoteService.kt:4)
	at CommentService.&lt;init&gt;(CommentService.kt:4)
	at NoteService.&lt;init&gt;(NoteService.kt:4)
	at CommentService.&lt;init&gt;(CommentService.kt:4)
	at NoteService.&lt;init&gt;(NoteService.kt:4)
	at CommentService.&lt;init&gt;(CommentService.kt:4)
	at NoteService.&lt;init&gt;(NoteService.kt:4)
	at CommentService.&lt;init&gt;(CommentService.kt:4)
	at NoteService.&lt;init&gt;(NoteService.kt:4)
	at CommentService.&lt;init&gt;(CommentService.kt:4)
	at NoteService.&lt;init&gt;(NoteService.kt:4)
	at CommentService.&lt;init&gt;(CommentService.kt:4)
	at NoteService.&lt;init&gt;(NoteService.kt:4)
	at CommentService.&lt;init&gt;(CommentService.kt:4)
	at NoteService.&lt;init&gt;(NoteService.kt:4)
	at CommentService.&lt;init&gt;(CommentService.kt:4)
	at NoteService.&lt;init&gt;(NoteService.kt:4)
	at CommentService.&lt;init&gt;(CommentService.kt:4)
	at NoteService.&lt;init&gt;(NoteService.kt:4)
	at CommentService.&lt;init&gt;(CommentService.kt:4)
	at NoteService.&lt;init&gt;(NoteService.kt:4)
	at CommentService.&lt;init&gt;(CommentService.kt:4)
	at NoteService.&lt;init&gt;(NoteService.kt:4)
	at CommentService.&lt;init&gt;(CommentService.kt:4)
	at NoteService.&lt;init&gt;(NoteService.kt:4)
	at CommentService.&lt;init&gt;(CommentService.kt:4)
	at NoteService.&lt;init&gt;(NoteService.kt:4)
	at CommentService.&lt;init&gt;(CommentService.kt:4)
	at NoteService.&lt;init&gt;(NoteService.kt:4)
	at CommentService.&lt;init&gt;(CommentService.kt:4)
	at NoteService.&lt;init&gt;(NoteService.kt:4)
	at CommentService.&lt;init&gt;(CommentService.kt:4)
	at NoteService.&lt;init&gt;(NoteService.kt:4)
	at CommentService.&lt;init&gt;(CommentService.kt:4)
	at NoteService.&lt;init&gt;(NoteService.kt:4)
	at CommentService.&lt;init&gt;(CommentService.kt:4)
	at NoteService.&lt;init&gt;(NoteService.kt:4)
	at CommentService.&lt;init&gt;(CommentService.kt:4)
	at NoteService.&lt;init&gt;(NoteService.kt:4)
	at CommentService.&lt;init&gt;(CommentService.kt:4)
	at NoteService.&lt;init&gt;(NoteService.kt:4)
	at CommentService.&lt;init&gt;(CommentService.kt:4)
	at NoteService.&lt;init&gt;(NoteService.kt:4)
	at CommentService.&lt;init&gt;(CommentService.kt:4)
	at NoteService.&lt;init&gt;(NoteService.kt:4)
	at CommentService.&lt;init&gt;(CommentService.kt:4)
	at NoteService.&lt;init&gt;(NoteService.kt:4)
	at CommentService.&lt;init&gt;(CommentService.kt:4)
	at NoteService.&lt;init&gt;(NoteService.kt:4)
	at CommentService.&lt;init&gt;(CommentService.kt:4)
	at NoteService.&lt;init&gt;(NoteService.kt:4)
	at CommentService.&lt;init&gt;(CommentService.kt:4)
	at NoteService.&lt;init&gt;(NoteService.kt:4)
	at CommentService.&lt;init&gt;(CommentService.kt:4)
	at NoteService.&lt;init&gt;(NoteService.kt:4)
	at CommentService.&lt;init&gt;(CommentService.kt:4)
	at NoteService.&lt;init&gt;(NoteService.kt:4)
	at CommentService.&lt;init&gt;(CommentService.kt:4)
	at NoteService.&lt;init&gt;(NoteService.kt:4)
	at CommentService.&lt;init&gt;(CommentService.kt:4)
	at NoteService.&lt;init&gt;(NoteService.kt:4)
	at CommentService.&lt;init&gt;(CommentService.kt:4)
	at NoteService.&lt;init&gt;(NoteService.kt:4)
	at CommentService.&lt;init&gt;(CommentService.kt:4)
	at NoteService.&lt;init&gt;(NoteService.kt:4)
	at CommentService.&lt;init&gt;(CommentService.kt:4)
	at NoteService.&lt;init&gt;(NoteService.kt:4)
	at CommentService.&lt;init&gt;(CommentService.kt:4)
	at NoteService.&lt;init&gt;(NoteService.kt:4)
	at CommentService.&lt;init&gt;(CommentService.kt:4)
	at NoteService.&lt;init&gt;(NoteService.kt:4)
	at CommentService.&lt;init&gt;(CommentService.kt:4)
	at NoteService.&lt;init&gt;(NoteService.kt:4)
	at CommentService.&lt;init&gt;(CommentService.kt:4)
	at NoteService.&lt;init&gt;(NoteService.kt:4)
	at CommentService.&lt;init&gt;(CommentService.kt:4)
	at NoteService.&lt;init&gt;(NoteService.kt:4)
	at CommentService.&lt;init&gt;(CommentService.kt:4)
	at NoteService.&lt;init&gt;(NoteService.kt:4)
	at CommentService.&lt;init&gt;(CommentService.kt:4)
	at NoteService.&lt;init&gt;(NoteService.kt:4)
	at CommentService.&lt;init&gt;(CommentService.kt:4)
	at NoteService.&lt;init&gt;(NoteService.kt:4)
	at CommentService.&lt;init&gt;(CommentService.kt:4)
	at NoteService.&lt;init&gt;(NoteService.kt:4)
	at CommentService.&lt;init&gt;(CommentService.kt:4)
	at NoteService.&lt;init&gt;(NoteService.kt:4)
	at CommentService.&lt;init&gt;(CommentService.kt:4)
	at NoteService.&lt;init&gt;(NoteService.kt:4)
	at CommentService.&lt;init&gt;(CommentService.kt:4)
	at NoteService.&lt;init&gt;(NoteService.kt:4)
	at CommentService.&lt;init&gt;(CommentService.kt:4)
	at NoteService.&lt;init&gt;(NoteService.kt:4)
	at CommentService.&lt;init&gt;(CommentService.kt:4)
	at NoteService.&lt;init&gt;(NoteService.kt:4)
	at CommentService.&lt;init&gt;(CommentService.kt:4)
	at NoteService.&lt;init&gt;(NoteService.kt:4)
	at CommentService.&lt;init&gt;(CommentService.kt:4)
	at NoteService.&lt;init&gt;(NoteService.kt:4)
	at CommentService.&lt;init&gt;(CommentService.kt:4)
	at NoteService.&lt;init&gt;(NoteService.kt:4)
	at CommentService.&lt;init&gt;(CommentService.kt:4)
	at NoteService.&lt;init&gt;(NoteService.kt:4)
	at CommentService.&lt;init&gt;(CommentService.kt:4)
	at NoteService.&lt;init&gt;(NoteService.kt:4)
	at CommentService.&lt;init&gt;(CommentService.kt:4)
	at NoteService.&lt;init&gt;(NoteService.kt:4)
	at CommentService.&lt;init&gt;(CommentService.kt:4)
	at NoteService.&lt;init&gt;(NoteService.kt:4)
	at CommentService.&lt;init&gt;(CommentService.kt:4)
	at NoteService.&lt;init&gt;(NoteService.kt:4)
	at CommentService.&lt;init&gt;(CommentService.kt:4)
	at NoteService.&lt;init&gt;(NoteService.kt:4)
	at CommentService.&lt;init&gt;(CommentService.kt:4)
	at NoteService.&lt;init&gt;(NoteService.kt:4)
	at CommentService.&lt;init&gt;(CommentService.kt:4)
	at NoteService.&lt;init&gt;(NoteService.kt:4)
	at CommentService.&lt;init&gt;(CommentService.kt:4)
	at NoteService.&lt;init&gt;(NoteService.kt:4)
	at CommentService.&lt;init&gt;(CommentService.kt:4)
	at NoteService.&lt;init&gt;(NoteService.kt:4)
	at CommentService.&lt;init&gt;(CommentService.kt:4)
	at NoteService.&lt;init&gt;(NoteService.kt:4)
	at CommentService.&lt;init&gt;(CommentService.kt:4)
	at NoteService.&lt;init&gt;(NoteService.kt:4)
	at CommentService.&lt;init&gt;(CommentService.kt:4)
	at NoteService.&lt;init&gt;(NoteService.kt:4)
	at CommentService.&lt;init&gt;(CommentService.kt:4)
	at NoteService.&lt;init&gt;(NoteService.kt:4)
	at CommentService.&lt;init&gt;(CommentService.kt:4)
	at NoteService.&lt;init&gt;(NoteService.kt:4)
	at CommentService.&lt;init&gt;(CommentService.kt:4)
	at NoteService.&lt;init&gt;(NoteService.kt:4)
	at CommentService.&lt;init&gt;(CommentService.kt:4)
	at NoteService.&lt;init&gt;(NoteService.kt:4)
	at CommentService.&lt;init&gt;(CommentService.kt:4)
	at NoteService.&lt;init&gt;(NoteService.kt:4)
	at CommentService.&lt;init&gt;(CommentService.kt:4)
	at NoteService.&lt;init&gt;(NoteService.kt:4)
	at CommentService.&lt;init&gt;(CommentService.kt:4)
	at NoteService.&lt;init&gt;(NoteService.kt:4)
	at CommentService.&lt;init&gt;(CommentService.kt:4)
	at NoteService.&lt;init&gt;(NoteService.kt:4)
	at CommentService.&lt;init&gt;(CommentService.kt:4)
	at NoteService.&lt;init&gt;(NoteService.kt:4)
	at CommentService.&lt;init&gt;(CommentService.kt:4)
	at NoteService.&lt;init&gt;(NoteService.kt:4)
	at CommentService.&lt;init&gt;(CommentService.kt:4)
	at NoteService.&lt;init&gt;(NoteService.kt:4)
	at CommentService.&lt;init&gt;(CommentService.kt:4)
	at NoteService.&lt;init&gt;(NoteService.kt:4)
	at CommentService.&lt;init&gt;(CommentService.kt:4)
	at NoteService.&lt;init&gt;(NoteService.kt:4)
	at CommentService.&lt;init&gt;(CommentService.kt:4)
	at NoteService.&lt;init&gt;(NoteService.kt:4)
	at CommentService.&lt;init&gt;(CommentService.kt:4)
	at NoteService.&lt;init&gt;(NoteService.kt:4)
	at CommentService.&lt;init&gt;(CommentService.kt:4)
	at NoteService.&lt;init&gt;(NoteService.kt:4)
	at CommentService.&lt;init&gt;(CommentService.kt:4)
	at NoteService.&lt;init&gt;(NoteService.kt:4)
	at CommentService.&lt;init&gt;(CommentService.kt:4)
	at NoteService.&lt;init&gt;(NoteService.kt:4)
	at CommentService.&lt;init&gt;(CommentService.kt:4)
	at NoteService.&lt;init&gt;(NoteService.kt:4)
	at CommentService.&lt;init&gt;(CommentService.kt:4)
	at NoteService.&lt;init&gt;(NoteService.kt:4)
	at CommentService.&lt;init&gt;(CommentService.kt:4)
	at NoteService.&lt;init&gt;(NoteService.kt:4)
	at CommentService.&lt;init&gt;(CommentService.kt:4)
	at NoteService.&lt;init&gt;(NoteService.kt:4)
	at CommentService.&lt;init&gt;(CommentService.kt:4)
	at NoteService.&lt;init&gt;(NoteService.kt:4)
	at CommentService.&lt;init&gt;(CommentService.kt:4)
	at NoteService.&lt;init&gt;(NoteService.kt:4)
	at CommentService.&lt;init&gt;(CommentService.kt:4)
	at NoteService.&lt;init&gt;(NoteService.kt:4)
	at CommentService.&lt;init&gt;(CommentService.kt:4)
	at NoteService.&lt;init&gt;(NoteService.kt:4)
	at CommentService.&lt;init&gt;(CommentService.kt:4)
	at NoteService.&lt;init&gt;(NoteService.kt:4)
	at CommentService.&lt;init&gt;(CommentService.kt:4)
	at NoteService.&lt;init&gt;(NoteService.kt:4)
	at CommentService.&lt;init&gt;(CommentService.kt:4)
	at NoteService.&lt;init&gt;(NoteService.kt:4)
	at CommentService.&lt;init&gt;(CommentService.kt:4)
	at NoteService.&lt;init&gt;(NoteService.kt:4)
	at CommentService.&lt;init&gt;(CommentService.kt:4)
	at NoteService.&lt;init&gt;(NoteService.kt:4)
	at CommentService.&lt;init&gt;(CommentService.kt:4)
	at NoteService.&lt;init&gt;(NoteService.kt:4)
	at CommentService.&lt;init&gt;(CommentService.kt:4)
	at NoteService.&lt;init&gt;(NoteService.kt:4)
	at CommentService.&lt;init&gt;(CommentService.kt:4)
	at NoteService.&lt;init&gt;(NoteService.kt:4)
	at CommentService.&lt;init&gt;(CommentService.kt:4)
	at NoteService.&lt;init&gt;(NoteService.kt:4)
	at CommentService.&lt;init&gt;(CommentService.kt:4)
	at NoteService.&lt;init&gt;(NoteService.kt:4)
	at CommentService.&lt;init&gt;(CommentService.kt:4)
	at NoteService.&lt;init&gt;(NoteService.kt:4)
	at CommentService.&lt;init&gt;(CommentService.kt:4)
	at NoteService.&lt;init&gt;(NoteService.kt:4)
	at CommentService.&lt;init&gt;(CommentService.kt:4)
	at NoteService.&lt;init&gt;(NoteService.kt:4)
	at CommentService.&lt;init&gt;(CommentService.kt:4)
	at NoteService.&lt;init&gt;(NoteService.kt:4)
	at CommentService.&lt;init&gt;(CommentService.kt:4)
	at NoteService.&lt;init&gt;(NoteService.kt:4)
	at CommentService.&lt;init&gt;(CommentService.kt:4)
	at NoteService.&lt;init&gt;(NoteService.kt:4)
	at CommentService.&lt;init&gt;(CommentService.kt:4)
	at NoteService.&lt;init&gt;(NoteService.kt:4)
	at CommentService.&lt;init&gt;(CommentService.kt:4)
	at NoteService.&lt;init&gt;(NoteService.kt:4)
	at CommentService.&lt;init&gt;(CommentService.kt:4)
	at NoteService.&lt;init&gt;(NoteService.kt:4)
	at CommentService.&lt;init&gt;(CommentService.kt:4)
	at NoteService.&lt;init&gt;(NoteService.kt:4)
	at CommentService.&lt;init&gt;(CommentService.kt:4)
	at NoteService.&lt;init&gt;(NoteService.kt:4)
	at CommentService.&lt;init&gt;(CommentService.kt:4)
	at NoteService.&lt;init&gt;(NoteService.kt:4)
	at CommentService.&lt;init&gt;(CommentService.kt:4)
	at NoteService.&lt;init&gt;(NoteService.kt:4)
	at CommentService.&lt;init&gt;(CommentService.kt:4)
	at NoteService.&lt;init&gt;(NoteService.kt:4)
	at CommentService.&lt;init&gt;(CommentService.kt:4)
	at NoteService.&lt;init&gt;(NoteService.kt:4)
	at CommentService.&lt;init&gt;(CommentService.kt:4)
	at NoteService.&lt;init&gt;(NoteService.kt:4)
	at CommentService.&lt;init&gt;(CommentService.kt:4)
	at NoteService.&lt;init&gt;(NoteService.kt:4)
	at CommentService.&lt;init&gt;(CommentService.kt:4)
	at NoteService.&lt;init&gt;(NoteService.kt:4)
	at CommentService.&lt;init&gt;(CommentService.kt:4)
	at NoteService.&lt;init&gt;(NoteService.kt:4)
	at CommentService.&lt;init&gt;(CommentService.kt:4)
	at NoteService.&lt;init&gt;(NoteService.kt:4)
	at CommentService.&lt;init&gt;(CommentService.kt:4)
	at NoteService.&lt;init&gt;(NoteService.kt:4)
	at CommentService.&lt;init&gt;(CommentService.kt:4)
	at NoteService.&lt;init&gt;(NoteService.kt:4)
	at CommentService.&lt;init&gt;(CommentService.kt:4)
	at NoteService.&lt;init&gt;(NoteService.kt:4)
	at CommentService.&lt;init&gt;(CommentService.kt:4)
	at NoteService.&lt;init&gt;(NoteService.kt:4)
	at CommentService.&lt;init&gt;(CommentService.kt:4)
	at NoteService.&lt;init&gt;(NoteService.kt:4)
	at CommentService.&lt;init&gt;(CommentService.kt:4)
	at NoteService.&lt;init&gt;(NoteService.kt:4)
	at CommentService.&lt;init&gt;(CommentService.kt:4)
	at NoteService.&lt;init&gt;(NoteService.kt:4)
	at CommentService.&lt;init&gt;(CommentService.kt:4)
	at NoteService.&lt;init&gt;(NoteService.kt:4)
	at CommentService.&lt;init&gt;(CommentService.kt:4)
	at NoteService.&lt;init&gt;(NoteService.kt:4)
	at CommentService.&lt;init&gt;(CommentService.kt:4)
	at NoteService.&lt;init&gt;(NoteService.kt:4)
	at CommentService.&lt;init&gt;(CommentService.kt:4)
	at NoteService.&lt;init&gt;(NoteService.kt:4)
	at CommentService.&lt;init&gt;(CommentService.kt:4)
	at NoteService.&lt;init&gt;(NoteService.kt:4)
	at CommentService.&lt;init&gt;(CommentService.kt:4)
	at NoteService.&lt;init&gt;(NoteService.kt:4)
	at CommentService.&lt;init&gt;(CommentService.kt:4)
	at NoteService.&lt;init&gt;(NoteService.kt:4)
	at CommentService.&lt;init&gt;(CommentService.kt:4)
	at NoteService.&lt;init&gt;(NoteService.kt:4)
	at CommentService.&lt;init&gt;(CommentService.kt:4)
	at NoteService.&lt;init&gt;(NoteService.kt:4)
	at CommentService.&lt;init&gt;(CommentService.kt:4)
	at NoteService.&lt;init&gt;(NoteService.kt:4)
	at CommentService.&lt;init&gt;(CommentService.kt:4)
	at NoteService.&lt;init&gt;(NoteService.kt:4)
	at CommentService.&lt;init&gt;(CommentService.kt:4)
	at NoteService.&lt;init&gt;(NoteService.kt:4)
	at CommentService.&lt;init&gt;(CommentService.kt:4)
	at NoteService.&lt;init&gt;(NoteService.kt:4)
	at CommentService.&lt;init&gt;(CommentService.kt:4)
	at NoteService.&lt;init&gt;(NoteService.kt:4)
	at CommentService.&lt;init&gt;(CommentService.kt:4)
	at NoteService.&lt;init&gt;(NoteService.kt:4)
	at CommentService.&lt;init&gt;(CommentService.kt:4)
	at NoteService.&lt;init&gt;(NoteService.kt:4)
	at CommentService.&lt;init&gt;(CommentService.kt:4)
	at NoteService.&lt;init&gt;(NoteService.kt:4)
	at CommentService.&lt;init&gt;(CommentService.kt:4)
	at NoteService.&lt;init&gt;(NoteService.kt:4)
	at CommentService.&lt;init&gt;(CommentService.kt:4)
	at NoteService.&lt;init&gt;(NoteService.kt:4)
	at CommentService.&lt;init&gt;(CommentService.kt:4)
	at NoteService.&lt;init&gt;(NoteService.kt:4)
	at CommentService.&lt;init&gt;(CommentService.kt:4)
	at NoteService.&lt;init&gt;(NoteService.kt:4)
	at CommentService.&lt;init&gt;(CommentService.kt:4)
	at NoteService.&lt;init&gt;(NoteService.kt:4)
	at CommentService.&lt;init&gt;(CommentService.kt:4)
	at NoteService.&lt;init&gt;(NoteService.kt:4)
	at CommentService.&lt;init&gt;(CommentService.kt:4)
	at NoteService.&lt;init&gt;(NoteService.kt:4)
	at CommentService.&lt;init&gt;(CommentService.kt:4)
	at NoteService.&lt;init&gt;(NoteService.kt:4)
	at CommentService.&lt;init&gt;(CommentService.kt:4)
	at NoteService.&lt;init&gt;(NoteService.kt:4)
	at CommentService.&lt;init&gt;(CommentService.kt:4)
	at NoteService.&lt;init&gt;(NoteService.kt:4)
	at CommentService.&lt;init&gt;(CommentService.kt:4)
	at NoteService.&lt;init&gt;(NoteService.kt:4)
	at CommentService.&lt;init&gt;(CommentService.kt:4)
	at NoteService.&lt;init&gt;(NoteService.kt:4)
	at CommentService.&lt;init&gt;(CommentService.kt:4)
	at NoteService.&lt;init&gt;(NoteService.kt:4)
	at CommentService.&lt;init&gt;(CommentService.kt:4)
	at NoteService.&lt;init&gt;(NoteService.kt:4)
	at CommentService.&lt;init&gt;(CommentService.kt:4)
	at NoteService.&lt;init&gt;(NoteService.kt:4)
	at CommentService.&lt;init&gt;(CommentService.kt:4)
	at NoteService.&lt;init&gt;(NoteService.kt:4)
	at CommentService.&lt;init&gt;(CommentService.kt:4)
	at NoteService.&lt;init&gt;(NoteService.kt:4)
	at CommentService.&lt;init&gt;(CommentService.kt:4)
	at NoteService.&lt;init&gt;(NoteService.kt:4)
	at CommentService.&lt;init&gt;(CommentService.kt:4)
	at NoteService.&lt;init&gt;(NoteService.kt:4)
	at CommentService.&lt;init&gt;(CommentService.kt:4)
	at NoteService.&lt;init&gt;(NoteService.kt:4)
	at CommentService.&lt;init&gt;(CommentService.kt:4)
	at NoteService.&lt;init&gt;(NoteService.kt:4)
	at CommentService.&lt;init&gt;(CommentService.kt:4)
	at NoteService.&lt;init&gt;(NoteService.kt:4)
	at CommentService.&lt;init&gt;(CommentService.kt:4)
	at NoteService.&lt;init&gt;(NoteService.kt:4)
	at CommentService.&lt;init&gt;(CommentService.kt:4)
	at NoteService.&lt;init&gt;(NoteService.kt:4)
	at CommentService.&lt;init&gt;(CommentService.kt:4)
	at NoteService.&lt;init&gt;(NoteService.kt:4)
	at CommentService.&lt;init&gt;(CommentService.kt:4)
	at NoteService.&lt;init&gt;(NoteService.kt:4)
	at CommentService.&lt;init&gt;(CommentService.kt:4)
	at NoteService.&lt;init&gt;(NoteService.kt:4)
	at CommentService.&lt;init&gt;(CommentService.kt:4)
	at NoteService.&lt;init&gt;(NoteService.kt:4)
	at CommentService.&lt;init&gt;(CommentService.kt:4)
	at NoteService.&lt;init&gt;(NoteService.kt:4)
	at CommentService.&lt;init&gt;(CommentService.kt:4)
	at NoteService.&lt;init&gt;(NoteService.kt:4)
	at CommentService.&lt;init&gt;(CommentService.kt:4)
	at NoteService.&lt;init&gt;(NoteService.kt:4)
	at CommentService.&lt;init&gt;(CommentService.kt:4)
	at NoteService.&lt;init&gt;(NoteService.kt:4)
	at CommentService.&lt;init&gt;(CommentService.kt:4)
	at NoteService.&lt;init&gt;(NoteService.kt:4)
	at CommentService.&lt;init&gt;(CommentService.kt:4)
	at NoteService.&lt;init&gt;(NoteService.kt:4)
	at CommentService.&lt;init&gt;(CommentService.kt:4)
	at NoteService.&lt;init&gt;(NoteService.kt:4)
	at CommentService.&lt;init&gt;(CommentService.kt:4)
	at NoteService.&lt;init&gt;(NoteService.kt:4)
	at CommentService.&lt;init&gt;(CommentService.kt:4)
	at NoteService.&lt;init&gt;(NoteService.kt:4)
	at CommentService.&lt;init&gt;(CommentService.kt:4)
	at NoteService.&lt;init&gt;(NoteService.kt:4)
	at CommentService.&lt;init&gt;(CommentService.kt:4)
	at NoteService.&lt;init&gt;(NoteService.kt:4)
	at CommentService.&lt;init&gt;(CommentService.kt:4)
	at NoteService.&lt;init&gt;(NoteService.kt:4)
	at CommentService.&lt;init&gt;(CommentService.kt:4)
	at NoteService.&lt;init&gt;(NoteService.kt:4)
	at CommentService.&lt;init&gt;(CommentService.kt:4)
	at NoteService.&lt;init&gt;(NoteService.kt:4)
	at CommentService.&lt;init&gt;(CommentService.kt:4)
	at NoteService.&lt;init&gt;(NoteService.kt:4)
	at CommentService.&lt;init&gt;(CommentService.kt:4)
	at NoteService.&lt;init&gt;(NoteService.kt:4)
	at CommentService.&lt;init&gt;(CommentService.kt:4)
	at NoteService.&lt;init&gt;(NoteService.kt:4)
	at CommentService.&lt;init&gt;(CommentService.kt:4)
	at NoteService.&lt;init&gt;(NoteService.kt:4)
	at CommentService.&lt;init&gt;(CommentService.kt:4)
	at NoteService.&lt;init&gt;(NoteService.kt:4)
	at CommentService.&lt;init&gt;(CommentService.kt:4)
	at NoteService.&lt;init&gt;(NoteService.kt:4)
	at CommentService.&lt;init&gt;(CommentService.kt:4)
	at NoteService.&lt;init&gt;(NoteService.kt:4)
	at CommentService.&lt;init&gt;(CommentService.kt:4)
	at NoteService.&lt;init&gt;(NoteService.kt:4)
	at CommentService.&lt;init&gt;(CommentService.kt:4)
	at NoteService.&lt;init&gt;(NoteService.kt:4)
	at CommentService.&lt;init&gt;(CommentService.kt:4)
	at NoteService.&lt;init&gt;(NoteService.kt:4)
	at CommentService.&lt;init&gt;(CommentService.kt:4)
	at NoteService.&lt;init&gt;(NoteService.kt:4)
	at CommentService.&lt;init&gt;(CommentService.kt:4)
	at NoteService.&lt;init&gt;(NoteService.kt:4)
	at CommentService.&lt;init&gt;(CommentService.kt:4)
	at NoteService.&lt;init&gt;(NoteService.kt:4)
	at CommentService.&lt;init&gt;(CommentService.kt:4)
	at NoteService.&lt;init&gt;(NoteService.kt:4)
	at CommentService.&lt;init&gt;(CommentService.kt:4)
	at NoteService.&lt;init&gt;(NoteService.kt:4)
	at CommentService.&lt;init&gt;(CommentService.kt:4)
	at NoteService.&lt;init&gt;(NoteService.kt:4)
	at CommentService.&lt;init&gt;(CommentService.kt:4)
	at NoteService.&lt;init&gt;(NoteService.kt:4)
	at CommentService.&lt;init&gt;(CommentService.kt:4)
	at NoteService.&lt;init&gt;(NoteService.kt:4)
	at CommentService.&lt;init&gt;(CommentService.kt:4)
	at NoteService.&lt;init&gt;(NoteService.kt:4)
	at CommentService.&lt;init&gt;(CommentService.kt:4)
	at NoteService.&lt;init&gt;(NoteService.kt:4)
	at CommentService.&lt;init&gt;(CommentService.kt:4)
	at NoteService.&lt;init&gt;(NoteService.kt:4)
	at CommentService.&lt;init&gt;(CommentService.kt:4)
	at NoteService.&lt;init&gt;(NoteService.kt:4)
	at CommentService.&lt;init&gt;(CommentService.kt:4)
	at NoteService.&lt;init&gt;(NoteService.kt:4)
	at CommentService.&lt;init&gt;(CommentService.kt:4)
	at NoteService.&lt;init&gt;(NoteService.kt:4)
	at CommentService.&lt;init&gt;(CommentService.kt:4)
	at NoteService.&lt;init&gt;(NoteService.kt:4)
	at CommentService.&lt;init&gt;(CommentService.kt:4)
	at NoteService.&lt;init&gt;(NoteService.kt:4)
	at CommentService.&lt;init&gt;(CommentService.kt:4)
	at NoteService.&lt;init&gt;(NoteService.kt:4)
	at CommentService.&lt;init&gt;(CommentService.kt:4)
	at NoteService.&lt;init&gt;(NoteService.kt:4)
	at CommentService.&lt;init&gt;(CommentService.kt:4)
	at NoteService.&lt;init&gt;(NoteService.kt:4)
	at CommentService.&lt;init&gt;(CommentService.kt:4)
	at NoteService.&lt;init&gt;(NoteService.kt:4)
	at CommentService.&lt;init&gt;(CommentService.kt:4)
	at NoteService.&lt;init&gt;(NoteService.kt:4)
	at CommentService.&lt;init&gt;(CommentService.kt:4)
	at NoteService.&lt;init&gt;(NoteService.kt:4)
	at CommentService.&lt;init&gt;(CommentService.kt:4)
	at NoteService.&lt;init&gt;(NoteService.kt:4)
	at CommentService.&lt;init&gt;(CommentService.kt:4)
	at NoteService.&lt;init&gt;(NoteService.kt:4)
	at CommentService.&lt;init&gt;(CommentService.kt:4)
	at NoteService.&lt;init&gt;(NoteService.kt:4)
	at CommentService.&lt;init&gt;(CommentService.kt:4)
	at NoteService.&lt;init&gt;(NoteService.kt:4)
	at CommentService.&lt;init&gt;(CommentService.kt:4)
	at NoteService.&lt;init&gt;(NoteService.kt:4)
	at CommentService.&lt;init&gt;(CommentService.kt:4)
	at NoteService.&lt;init&gt;(NoteService.kt:4)
	at CommentService.&lt;init&gt;(CommentService.kt:4)
	at NoteService.&lt;init&gt;(NoteService.kt:4)
	at CommentService.&lt;init&gt;(CommentService.kt:4)
	at NoteService.&lt;init&gt;(NoteService.kt:4)
	at CommentService.&lt;init&gt;(CommentService.kt:4)
	at NoteService.&lt;init&gt;(NoteService.kt:4)
	at CommentService.&lt;init&gt;(CommentService.kt:4)
	at NoteService.&lt;init&gt;(NoteService.kt:4)
	at CommentService.&lt;init&gt;(CommentService.kt:4)
	at NoteService.&lt;init&gt;(NoteService.kt:4)
	at CommentService.&lt;init&gt;(CommentService.kt:4)
	at NoteService.&lt;init&gt;(NoteService.kt:4)
	at CommentService.&lt;init&gt;(CommentService.kt:4)
	at NoteService.&lt;init&gt;(NoteService.kt:4)
	at CommentService.&lt;init&gt;(CommentService.kt:4)
	at NoteService.&lt;init&gt;(NoteService.kt:4)
	at CommentService.&lt;init&gt;(CommentService.kt:4)
	at NoteService.&lt;init&gt;(NoteService.kt:4)
	at CommentService.&lt;init&gt;(CommentService.kt:4)
	at NoteService.&lt;init&gt;(NoteService.kt:4)
	at CommentService.&lt;init&gt;(CommentService.kt:4)
	at NoteService.&lt;init&gt;(NoteService.kt:4)
	at CommentService.&lt;init&gt;(CommentService.kt:4)
	at NoteService.&lt;init&gt;(NoteService.kt:4)
	at CommentService.&lt;init&gt;(CommentService.kt:4)
	at NoteService.&lt;init&gt;(NoteService.kt:4)
	at CommentService.&lt;init&gt;(CommentService.kt:4)
	at NoteService.&lt;init&gt;(NoteService.kt:4)
	at CommentService.&lt;init&gt;(CommentService.kt:4)
	at NoteService.&lt;init&gt;(NoteService.kt:4)
	at CommentService.&lt;init&gt;(CommentService.kt:4)
	at NoteService.&lt;init&gt;(NoteService.kt:4)
	at CommentService.&lt;init&gt;(CommentService.kt:4)
	at NoteService.&lt;init&gt;(NoteService.kt:4)
	at CommentService.&lt;init&gt;(CommentService.kt:4)
	at NoteService.&lt;init&gt;(NoteService.kt:4)
	at CommentService.&lt;init&gt;(CommentService.kt:4)
	at NoteService.&lt;init&gt;(NoteService.kt:4)
	at CommentService.&lt;init&gt;(CommentService.kt:4)
	at NoteService.&lt;init&gt;(NoteService.kt:4)
	at CommentService.&lt;init&gt;(CommentService.kt:4)
	at NoteService.&lt;init&gt;(NoteService.kt:4)
	at CommentService.&lt;init&gt;(CommentService.kt:4)
	at NoteService.&lt;init&gt;(NoteService.kt:4)
	at CommentService.&lt;init&gt;(CommentService.kt:4)
	at NoteService.&lt;init&gt;(NoteService.kt:4)
	at CommentService.&lt;init&gt;(CommentService.kt:4)
	at NoteService.&lt;init&gt;(NoteService.kt:4)
	at CommentService.&lt;init&gt;(CommentService.kt:4)
	at NoteService.&lt;init&gt;(NoteService.kt:4)
	at CommentService.&lt;init&gt;(CommentService.kt:4)
	at NoteService.&lt;init&gt;(NoteService.kt:4)
	at CommentService.&lt;init&gt;(CommentService.kt:4)
	at NoteService.&lt;init&gt;(NoteService.kt:4)
	at CommentService.&lt;init&gt;(CommentService.kt:4)
	at NoteService.&lt;init&gt;(NoteService.kt:4)
	at CommentService.&lt;init&gt;(CommentService.kt:4)
	at NoteService.&lt;init&gt;(NoteService.kt:4)
	at CommentService.&lt;init&gt;(CommentService.kt:4)
	at NoteService.&lt;init&gt;(NoteService.kt:4)
	at CommentService.&lt;init&gt;(CommentService.kt:4)
	at NoteService.&lt;init&gt;(NoteService.kt:4)
	at CommentService.&lt;init&gt;(CommentService.kt:4)
	at NoteService.&lt;init&gt;(NoteService.kt:4)
	at CommentService.&lt;init&gt;(CommentService.kt:4)
	at NoteService.&lt;init&gt;(NoteService.kt:4)
	at CommentService.&lt;init&gt;(CommentService.kt:4)
	at NoteService.&lt;init&gt;(NoteService.kt:4)
	at CommentService.&lt;init&gt;(CommentService.kt:4)
	at NoteService.&lt;init&gt;(NoteService.kt:4)
	at CommentService.&lt;init&gt;(CommentService.kt:4)
	at NoteService.&lt;init&gt;(NoteService.kt:4)
	at CommentService.&lt;init&gt;(CommentService.kt:4)
	at NoteService.&lt;init&gt;(NoteService.kt:4)
	at CommentService.&lt;init&gt;(CommentService.kt:4)
	at NoteService.&lt;init&gt;(NoteService.kt:4)
	at CommentService.&lt;init&gt;(CommentService.kt:4)
	at NoteService.&lt;init&gt;(NoteService.kt:4)
	at CommentService.&lt;init&gt;(CommentService.kt:4)
	at NoteService.&lt;init&gt;(NoteService.kt:4)
	at CommentService.&lt;init&gt;(CommentService.kt:4)
	at NoteService.&lt;init&gt;(NoteService.kt:4)
	at CommentService.&lt;init&gt;(CommentService.kt:4)
	at NoteService.&lt;init&gt;(NoteService.kt:4)
	at CommentService.&lt;init&gt;(CommentService.kt:4)
	at NoteService.&lt;init&gt;(NoteService.kt:4)
	at CommentService.&lt;init&gt;(CommentService.kt:4)
	at NoteService.&lt;init&gt;(NoteService.kt:4)
	at CommentService.&lt;init&gt;(CommentService.kt:4)
	at NoteService.&lt;init&gt;(NoteService.kt:4)
	at CommentService.&lt;init&gt;(CommentService.kt:4)
	at NoteService.&lt;init&gt;(NoteService.kt:4)
	at CommentService.&lt;init&gt;(CommentService.kt:4)
	at NoteService.&lt;init&gt;(NoteService.kt:4)
	at CommentService.&lt;init&gt;(CommentService.kt:4)
	at NoteService.&lt;init&gt;(NoteService.kt:4)
	at CommentService.&lt;init&gt;(CommentService.kt:4)
	at NoteService.&lt;init&gt;(NoteService.kt:4)
	at CommentService.&lt;init&gt;(CommentService.kt:4)
	at NoteService.&lt;init&gt;(NoteService.kt:4)
	at CommentService.&lt;init&gt;(CommentService.kt:4)
	at NoteService.&lt;init&gt;(NoteService.kt:4)
	at CommentService.&lt;init&gt;(CommentService.kt:4)
	at NoteService.&lt;init&gt;(NoteService.kt:4)
	at CommentService.&lt;init&gt;(CommentService.kt:4)
	at NoteService.&lt;init&gt;(NoteService.kt:4)
	at CommentService.&lt;init&gt;(CommentService.kt:4)
	at NoteService.&lt;init&gt;(NoteService.kt:4)
	at CommentService.&lt;init&gt;(CommentService.kt:4)
	at NoteService.&lt;init&gt;(NoteService.kt:4)
	at CommentService.&lt;init&gt;(CommentService.kt:4)
	at NoteService.&lt;init&gt;(NoteService.kt:4)
	at CommentService.&lt;init&gt;(CommentService.kt:4)
	at NoteService.&lt;init&gt;(NoteService.kt:4)
	at CommentService.&lt;init&gt;(CommentService.kt:4)
	at NoteService.&lt;init&gt;(NoteService.kt:4)
	at CommentService.&lt;init&gt;(CommentService.kt:4)
	at NoteService.&lt;init&gt;(NoteService.kt:4)
	at CommentService.&lt;init&gt;(CommentService.kt:4)
	at NoteService.&lt;init&gt;(NoteService.kt:4)
	at CommentService.&lt;init&gt;(CommentService.kt:4)
	at NoteService.&lt;init&gt;(NoteService.kt:4)
	at CommentService.&lt;init&gt;(CommentService.kt:4)
	at NoteService.&lt;init&gt;(NoteService.kt:4)
	at CommentService.&lt;init&gt;(CommentService.kt:4)
	at NoteService.&lt;init&gt;(NoteService.kt:4)
	at CommentService.&lt;init&gt;(CommentService.kt:4)
	at NoteService.&lt;init&gt;(NoteService.kt:4)
</failure>
  </testcase>
  <testcase name="delete_itIsOK" classname="NoteServiceTest" time="0.004">
    <failure message="java.lang.StackOverflowError" type="java.lang.StackOverflowError">java.lang.StackOverflowError
	at CommentService.&lt;init&gt;(CommentService.kt:4)
	at NoteService.&lt;init&gt;(NoteService.kt:4)
	at CommentService.&lt;init&gt;(CommentService.kt:4)
	at NoteService.&lt;init&gt;(NoteService.kt:4)
	at CommentService.&lt;init&gt;(CommentService.kt:4)
	at NoteService.&lt;init&gt;(NoteService.kt:4)
	at CommentService.&lt;init&gt;(CommentService.kt:4)
	at NoteService.&lt;init&gt;(NoteService.kt:4)
	at CommentService.&lt;init&gt;(CommentService.kt:4)
	at NoteService.&lt;init&gt;(NoteService.kt:4)
	at CommentService.&lt;init&gt;(CommentService.kt:4)
	at NoteService.&lt;init&gt;(NoteService.kt:4)
	at CommentService.&lt;init&gt;(CommentService.kt:4)
	at NoteService.&lt;init&gt;(NoteService.kt:4)
	at CommentService.&lt;init&gt;(CommentService.kt:4)
	at NoteService.&lt;init&gt;(NoteService.kt:4)
	at CommentService.&lt;init&gt;(CommentService.kt:4)
	at NoteService.&lt;init&gt;(NoteService.kt:4)
	at CommentService.&lt;init&gt;(CommentService.kt:4)
	at NoteService.&lt;init&gt;(NoteService.kt:4)
	at CommentService.&lt;init&gt;(CommentService.kt:4)
	at NoteService.&lt;init&gt;(NoteService.kt:4)
	at CommentService.&lt;init&gt;(CommentService.kt:4)
	at NoteService.&lt;init&gt;(NoteService.kt:4)
	at CommentService.&lt;init&gt;(CommentService.kt:4)
	at NoteService.&lt;init&gt;(NoteService.kt:4)
	at CommentService.&lt;init&gt;(CommentService.kt:4)
	at NoteService.&lt;init&gt;(NoteService.kt:4)
	at CommentService.&lt;init&gt;(CommentService.kt:4)
	at NoteService.&lt;init&gt;(NoteService.kt:4)
	at CommentService.&lt;init&gt;(CommentService.kt:4)
	at NoteService.&lt;init&gt;(NoteService.kt:4)
	at CommentService.&lt;init&gt;(CommentService.kt:4)
	at NoteService.&lt;init&gt;(NoteService.kt:4)
	at CommentService.&lt;init&gt;(CommentService.kt:4)
	at NoteService.&lt;init&gt;(NoteService.kt:4)
	at CommentService.&lt;init&gt;(CommentService.kt:4)
	at NoteService.&lt;init&gt;(NoteService.kt:4)
	at CommentService.&lt;init&gt;(CommentService.kt:4)
	at NoteService.&lt;init&gt;(NoteService.kt:4)
	at CommentService.&lt;init&gt;(CommentService.kt:4)
	at NoteService.&lt;init&gt;(NoteService.kt:4)
	at CommentService.&lt;init&gt;(CommentService.kt:4)
	at NoteService.&lt;init&gt;(NoteService.kt:4)
	at CommentService.&lt;init&gt;(CommentService.kt:4)
	at NoteService.&lt;init&gt;(NoteService.kt:4)
	at CommentService.&lt;init&gt;(CommentService.kt:4)
	at NoteService.&lt;init&gt;(NoteService.kt:4)
	at CommentService.&lt;init&gt;(CommentService.kt:4)
	at NoteService.&lt;init&gt;(NoteService.kt:4)
	at CommentService.&lt;init&gt;(CommentService.kt:4)
	at NoteService.&lt;init&gt;(NoteService.kt:4)
	at CommentService.&lt;init&gt;(CommentService.kt:4)
	at NoteService.&lt;init&gt;(NoteService.kt:4)
	at CommentService.&lt;init&gt;(CommentService.kt:4)
	at NoteService.&lt;init&gt;(NoteService.kt:4)
	at CommentService.&lt;init&gt;(CommentService.kt:4)
	at NoteService.&lt;init&gt;(NoteService.kt:4)
	at CommentService.&lt;init&gt;(CommentService.kt:4)
	at NoteService.&lt;init&gt;(NoteService.kt:4)
	at CommentService.&lt;init&gt;(CommentService.kt:4)
	at NoteService.&lt;init&gt;(NoteService.kt:4)
	at CommentService.&lt;init&gt;(CommentService.kt:4)
	at NoteService.&lt;init&gt;(NoteService.kt:4)
	at CommentService.&lt;init&gt;(CommentService.kt:4)
	at NoteService.&lt;init&gt;(NoteService.kt:4)
	at CommentService.&lt;init&gt;(CommentService.kt:4)
	at NoteService.&lt;init&gt;(NoteService.kt:4)
	at CommentService.&lt;init&gt;(CommentService.kt:4)
	at NoteService.&lt;init&gt;(NoteService.kt:4)
	at CommentService.&lt;init&gt;(CommentService.kt:4)
	at NoteService.&lt;init&gt;(NoteService.kt:4)
	at CommentService.&lt;init&gt;(CommentService.kt:4)
	at NoteService.&lt;init&gt;(NoteService.kt:4)
	at CommentService.&lt;init&gt;(CommentService.kt:4)
	at NoteService.&lt;init&gt;(NoteService.kt:4)
	at CommentService.&lt;init&gt;(CommentService.kt:4)
	at NoteService.&lt;init&gt;(NoteService.kt:4)
	at CommentService.&lt;init&gt;(CommentService.kt:4)
	at NoteService.&lt;init&gt;(NoteService.kt:4)
	at CommentService.&lt;init&gt;(CommentService.kt:4)
	at NoteService.&lt;init&gt;(NoteService.kt:4)
	at CommentService.&lt;init&gt;(CommentService.kt:4)
	at NoteService.&lt;init&gt;(NoteService.kt:4)
	at CommentService.&lt;init&gt;(CommentService.kt:4)
	at NoteService.&lt;init&gt;(NoteService.kt:4)
	at CommentService.&lt;init&gt;(CommentService.kt:4)
	at NoteService.&lt;init&gt;(NoteService.kt:4)
	at CommentService.&lt;init&gt;(CommentService.kt:4)
	at NoteService.&lt;init&gt;(NoteService.kt:4)
	at CommentService.&lt;init&gt;(CommentService.kt:4)
	at NoteService.&lt;init&gt;(NoteService.kt:4)
	at CommentService.&lt;init&gt;(CommentService.kt:4)
	at NoteService.&lt;init&gt;(NoteService.kt:4)
	at CommentService.&lt;init&gt;(CommentService.kt:4)
	at NoteService.&lt;init&gt;(NoteService.kt:4)
	at CommentService.&lt;init&gt;(CommentService.kt:4)
	at NoteService.&lt;init&gt;(NoteService.kt:4)
	at CommentService.&lt;init&gt;(CommentService.kt:4)
	at NoteService.&lt;init&gt;(NoteService.kt:4)
	at CommentService.&lt;init&gt;(CommentService.kt:4)
	at NoteService.&lt;init&gt;(NoteService.kt:4)
	at CommentService.&lt;init&gt;(CommentService.kt:4)
	at NoteService.&lt;init&gt;(NoteService.kt:4)
	at CommentService.&lt;init&gt;(CommentService.kt:4)
	at NoteService.&lt;init&gt;(NoteService.kt:4)
	at CommentService.&lt;init&gt;(CommentService.kt:4)
	at NoteService.&lt;init&gt;(NoteService.kt:4)
	at CommentService.&lt;init&gt;(CommentService.kt:4)
	at NoteService.&lt;init&gt;(NoteService.kt:4)
	at CommentService.&lt;init&gt;(CommentService.kt:4)
	at NoteService.&lt;init&gt;(NoteService.kt:4)
	at CommentService.&lt;init&gt;(CommentService.kt:4)
	at NoteService.&lt;init&gt;(NoteService.kt:4)
	at CommentService.&lt;init&gt;(CommentService.kt:4)
	at NoteService.&lt;init&gt;(NoteService.kt:4)
	at CommentService.&lt;init&gt;(CommentService.kt:4)
	at NoteService.&lt;init&gt;(NoteService.kt:4)
	at CommentService.&lt;init&gt;(CommentService.kt:4)
	at NoteService.&lt;init&gt;(NoteService.kt:4)
	at CommentService.&lt;init&gt;(CommentService.kt:4)
	at NoteService.&lt;init&gt;(NoteService.kt:4)
	at CommentService.&lt;init&gt;(CommentService.kt:4)
	at NoteService.&lt;init&gt;(NoteService.kt:4)
	at CommentService.&lt;init&gt;(CommentService.kt:4)
	at NoteService.&lt;init&gt;(NoteService.kt:4)
	at CommentService.&lt;init&gt;(CommentService.kt:4)
	at NoteService.&lt;init&gt;(NoteService.kt:4)
	at CommentService.&lt;init&gt;(CommentService.kt:4)
	at NoteService.&lt;init&gt;(NoteService.kt:4)
	at CommentService.&lt;init&gt;(CommentService.kt:4)
	at NoteService.&lt;init&gt;(NoteService.kt:4)
	at CommentService.&lt;init&gt;(CommentService.kt:4)
	at NoteService.&lt;init&gt;(NoteService.kt:4)
	at CommentService.&lt;init&gt;(CommentService.kt:4)
	at NoteService.&lt;init&gt;(NoteService.kt:4)
	at CommentService.&lt;init&gt;(CommentService.kt:4)
	at NoteService.&lt;init&gt;(NoteService.kt:4)
	at CommentService.&lt;init&gt;(CommentService.kt:4)
	at NoteService.&lt;init&gt;(NoteService.kt:4)
	at CommentService.&lt;init&gt;(CommentService.kt:4)
	at NoteService.&lt;init&gt;(NoteService.kt:4)
	at CommentService.&lt;init&gt;(CommentService.kt:4)
	at NoteService.&lt;init&gt;(NoteService.kt:4)
	at CommentService.&lt;init&gt;(CommentService.kt:4)
	at NoteService.&lt;init&gt;(NoteService.kt:4)
	at CommentService.&lt;init&gt;(CommentService.kt:4)
	at NoteService.&lt;init&gt;(NoteService.kt:4)
	at CommentService.&lt;init&gt;(CommentService.kt:4)
	at NoteService.&lt;init&gt;(NoteService.kt:4)
	at CommentService.&lt;init&gt;(CommentService.kt:4)
	at NoteService.&lt;init&gt;(NoteService.kt:4)
	at CommentService.&lt;init&gt;(CommentService.kt:4)
	at NoteService.&lt;init&gt;(NoteService.kt:4)
	at CommentService.&lt;init&gt;(CommentService.kt:4)
	at NoteService.&lt;init&gt;(NoteService.kt:4)
	at CommentService.&lt;init&gt;(CommentService.kt:4)
	at NoteService.&lt;init&gt;(NoteService.kt:4)
	at CommentService.&lt;init&gt;(CommentService.kt:4)
	at NoteService.&lt;init&gt;(NoteService.kt:4)
	at CommentService.&lt;init&gt;(CommentService.kt:4)
	at NoteService.&lt;init&gt;(NoteService.kt:4)
	at CommentService.&lt;init&gt;(CommentService.kt:4)
	at NoteService.&lt;init&gt;(NoteService.kt:4)
	at CommentService.&lt;init&gt;(CommentService.kt:4)
	at NoteService.&lt;init&gt;(NoteService.kt:4)
	at CommentService.&lt;init&gt;(CommentService.kt:4)
	at NoteService.&lt;init&gt;(NoteService.kt:4)
	at CommentService.&lt;init&gt;(CommentService.kt:4)
	at NoteService.&lt;init&gt;(NoteService.kt:4)
	at CommentService.&lt;init&gt;(CommentService.kt:4)
	at NoteService.&lt;init&gt;(NoteService.kt:4)
	at CommentService.&lt;init&gt;(CommentService.kt:4)
	at NoteService.&lt;init&gt;(NoteService.kt:4)
	at CommentService.&lt;init&gt;(CommentService.kt:4)
	at NoteService.&lt;init&gt;(NoteService.kt:4)
	at CommentService.&lt;init&gt;(CommentService.kt:4)
	at NoteService.&lt;init&gt;(NoteService.kt:4)
	at CommentService.&lt;init&gt;(CommentService.kt:4)
	at NoteService.&lt;init&gt;(NoteService.kt:4)
	at CommentService.&lt;init&gt;(CommentService.kt:4)
	at NoteService.&lt;init&gt;(NoteService.kt:4)
	at CommentService.&lt;init&gt;(CommentService.kt:4)
	at NoteService.&lt;init&gt;(NoteService.kt:4)
	at CommentService.&lt;init&gt;(CommentService.kt:4)
	at NoteService.&lt;init&gt;(NoteService.kt:4)
	at CommentService.&lt;init&gt;(CommentService.kt:4)
	at NoteService.&lt;init&gt;(NoteService.kt:4)
	at CommentService.&lt;init&gt;(CommentService.kt:4)
	at NoteService.&lt;init&gt;(NoteService.kt:4)
	at CommentService.&lt;init&gt;(CommentService.kt:4)
	at NoteService.&lt;init&gt;(NoteService.kt:4)
	at CommentService.&lt;init&gt;(CommentService.kt:4)
	at NoteService.&lt;init&gt;(NoteService.kt:4)
	at CommentService.&lt;init&gt;(CommentService.kt:4)
	at NoteService.&lt;init&gt;(NoteService.kt:4)
	at CommentService.&lt;init&gt;(CommentService.kt:4)
	at NoteService.&lt;init&gt;(NoteService.kt:4)
	at CommentService.&lt;init&gt;(CommentService.kt:4)
	at NoteService.&lt;init&gt;(NoteService.kt:4)
	at CommentService.&lt;init&gt;(CommentService.kt:4)
	at NoteService.&lt;init&gt;(NoteService.kt:4)
	at CommentService.&lt;init&gt;(CommentService.kt:4)
	at NoteService.&lt;init&gt;(NoteService.kt:4)
	at CommentService.&lt;init&gt;(CommentService.kt:4)
	at NoteService.&lt;init&gt;(NoteService.kt:4)
	at CommentService.&lt;init&gt;(CommentService.kt:4)
	at NoteService.&lt;init&gt;(NoteService.kt:4)
	at CommentService.&lt;init&gt;(CommentService.kt:4)
	at NoteService.&lt;init&gt;(NoteService.kt:4)
	at CommentService.&lt;init&gt;(CommentService.kt:4)
	at NoteService.&lt;init&gt;(NoteService.kt:4)
	at CommentService.&lt;init&gt;(CommentService.kt:4)
	at NoteService.&lt;init&gt;(NoteService.kt:4)
	at CommentService.&lt;init&gt;(CommentService.kt:4)
	at NoteService.&lt;init&gt;(NoteService.kt:4)
	at CommentService.&lt;init&gt;(CommentService.kt:4)
	at NoteService.&lt;init&gt;(NoteService.kt:4)
	at CommentService.&lt;init&gt;(CommentService.kt:4)
	at NoteService.&lt;init&gt;(NoteService.kt:4)
	at CommentService.&lt;init&gt;(CommentService.kt:4)
	at NoteService.&lt;init&gt;(NoteService.kt:4)
	at CommentService.&lt;init&gt;(CommentService.kt:4)
	at NoteService.&lt;init&gt;(NoteService.kt:4)
	at CommentService.&lt;init&gt;(CommentService.kt:4)
	at NoteService.&lt;init&gt;(NoteService.kt:4)
	at CommentService.&lt;init&gt;(CommentService.kt:4)
	at NoteService.&lt;init&gt;(NoteService.kt:4)
	at CommentService.&lt;init&gt;(CommentService.kt:4)
	at NoteService.&lt;init&gt;(NoteService.kt:4)
	at CommentService.&lt;init&gt;(CommentService.kt:4)
	at NoteService.&lt;init&gt;(NoteService.kt:4)
	at CommentService.&lt;init&gt;(CommentService.kt:4)
	at NoteService.&lt;init&gt;(NoteService.kt:4)
	at CommentService.&lt;init&gt;(CommentService.kt:4)
	at NoteService.&lt;init&gt;(NoteService.kt:4)
	at CommentService.&lt;init&gt;(CommentService.kt:4)
	at NoteService.&lt;init&gt;(NoteService.kt:4)
	at CommentService.&lt;init&gt;(CommentService.kt:4)
	at NoteService.&lt;init&gt;(NoteService.kt:4)
	at CommentService.&lt;init&gt;(CommentService.kt:4)
	at NoteService.&lt;init&gt;(NoteService.kt:4)
	at CommentService.&lt;init&gt;(CommentService.kt:4)
	at NoteService.&lt;init&gt;(NoteService.kt:4)
	at CommentService.&lt;init&gt;(CommentService.kt:4)
	at NoteService.&lt;init&gt;(NoteService.kt:4)
	at CommentService.&lt;init&gt;(CommentService.kt:4)
	at NoteService.&lt;init&gt;(NoteService.kt:4)
	at CommentService.&lt;init&gt;(CommentService.kt:4)
	at NoteService.&lt;init&gt;(NoteService.kt:4)
	at CommentService.&lt;init&gt;(CommentService.kt:4)
	at NoteService.&lt;init&gt;(NoteService.kt:4)
	at CommentService.&lt;init&gt;(CommentService.kt:4)
	at NoteService.&lt;init&gt;(NoteService.kt:4)
	at CommentService.&lt;init&gt;(CommentService.kt:4)
	at NoteService.&lt;init&gt;(NoteService.kt:4)
	at CommentService.&lt;init&gt;(CommentService.kt:4)
	at NoteService.&lt;init&gt;(NoteService.kt:4)
	at CommentService.&lt;init&gt;(CommentService.kt:4)
	at NoteService.&lt;init&gt;(NoteService.kt:4)
	at CommentService.&lt;init&gt;(CommentService.kt:4)
	at NoteService.&lt;init&gt;(NoteService.kt:4)
	at CommentService.&lt;init&gt;(CommentService.kt:4)
	at NoteService.&lt;init&gt;(NoteService.kt:4)
	at CommentService.&lt;init&gt;(CommentService.kt:4)
	at NoteService.&lt;init&gt;(NoteService.kt:4)
	at CommentService.&lt;init&gt;(CommentService.kt:4)
	at NoteService.&lt;init&gt;(NoteService.kt:4)
	at CommentService.&lt;init&gt;(CommentService.kt:4)
	at NoteService.&lt;init&gt;(NoteService.kt:4)
	at CommentService.&lt;init&gt;(CommentService.kt:4)
	at NoteService.&lt;init&gt;(NoteService.kt:4)
	at CommentService.&lt;init&gt;(CommentService.kt:4)
	at NoteService.&lt;init&gt;(NoteService.kt:4)
	at CommentService.&lt;init&gt;(CommentService.kt:4)
	at NoteService.&lt;init&gt;(NoteService.kt:4)
	at CommentService.&lt;init&gt;(CommentService.kt:4)
	at NoteService.&lt;init&gt;(NoteService.kt:4)
	at CommentService.&lt;init&gt;(CommentService.kt:4)
	at NoteService.&lt;init&gt;(NoteService.kt:4)
	at CommentService.&lt;init&gt;(CommentService.kt:4)
	at NoteService.&lt;init&gt;(NoteService.kt:4)
	at CommentService.&lt;init&gt;(CommentService.kt:4)
	at NoteService.&lt;init&gt;(NoteService.kt:4)
	at CommentService.&lt;init&gt;(CommentService.kt:4)
	at NoteService.&lt;init&gt;(NoteService.kt:4)
	at CommentService.&lt;init&gt;(CommentService.kt:4)
	at NoteService.&lt;init&gt;(NoteService.kt:4)
	at CommentService.&lt;init&gt;(CommentService.kt:4)
	at NoteService.&lt;init&gt;(NoteService.kt:4)
	at CommentService.&lt;init&gt;(CommentService.kt:4)
	at NoteService.&lt;init&gt;(NoteService.kt:4)
	at CommentService.&lt;init&gt;(CommentService.kt:4)
	at NoteService.&lt;init&gt;(NoteService.kt:4)
	at CommentService.&lt;init&gt;(CommentService.kt:4)
	at NoteService.&lt;init&gt;(NoteService.kt:4)
	at CommentService.&lt;init&gt;(CommentService.kt:4)
	at NoteService.&lt;init&gt;(NoteService.kt:4)
	at CommentService.&lt;init&gt;(CommentService.kt:4)
	at NoteService.&lt;init&gt;(NoteService.kt:4)
	at CommentService.&lt;init&gt;(CommentService.kt:4)
	at NoteService.&lt;init&gt;(NoteService.kt:4)
	at CommentService.&lt;init&gt;(CommentService.kt:4)
	at NoteService.&lt;init&gt;(NoteService.kt:4)
	at CommentService.&lt;init&gt;(CommentService.kt:4)
	at NoteService.&lt;init&gt;(NoteService.kt:4)
	at CommentService.&lt;init&gt;(CommentService.kt:4)
	at NoteService.&lt;init&gt;(NoteService.kt:4)
	at CommentService.&lt;init&gt;(CommentService.kt:4)
	at NoteService.&lt;init&gt;(NoteService.kt:4)
	at CommentService.&lt;init&gt;(CommentService.kt:4)
	at NoteService.&lt;init&gt;(NoteService.kt:4)
	at CommentService.&lt;init&gt;(CommentService.kt:4)
	at NoteService.&lt;init&gt;(NoteService.kt:4)
	at CommentService.&lt;init&gt;(CommentService.kt:4)
	at NoteService.&lt;init&gt;(NoteService.kt:4)
	at CommentService.&lt;init&gt;(CommentService.kt:4)
	at NoteService.&lt;init&gt;(NoteService.kt:4)
	at CommentService.&lt;init&gt;(CommentService.kt:4)
	at NoteService.&lt;init&gt;(NoteService.kt:4)
	at CommentService.&lt;init&gt;(CommentService.kt:4)
	at NoteService.&lt;init&gt;(NoteService.kt:4)
	at CommentService.&lt;init&gt;(CommentService.kt:4)
	at NoteService.&lt;init&gt;(NoteService.kt:4)
	at CommentService.&lt;init&gt;(CommentService.kt:4)
	at NoteService.&lt;init&gt;(NoteService.kt:4)
	at CommentService.&lt;init&gt;(CommentService.kt:4)
	at NoteService.&lt;init&gt;(NoteService.kt:4)
	at CommentService.&lt;init&gt;(CommentService.kt:4)
	at NoteService.&lt;init&gt;(NoteService.kt:4)
	at CommentService.&lt;init&gt;(CommentService.kt:4)
	at NoteService.&lt;init&gt;(NoteService.kt:4)
	at CommentService.&lt;init&gt;(CommentService.kt:4)
	at NoteService.&lt;init&gt;(NoteService.kt:4)
	at CommentService.&lt;init&gt;(CommentService.kt:4)
	at NoteService.&lt;init&gt;(NoteService.kt:4)
	at CommentService.&lt;init&gt;(CommentService.kt:4)
	at NoteService.&lt;init&gt;(NoteService.kt:4)
	at CommentService.&lt;init&gt;(CommentService.kt:4)
	at NoteService.&lt;init&gt;(NoteService.kt:4)
	at CommentService.&lt;init&gt;(CommentService.kt:4)
	at NoteService.&lt;init&gt;(NoteService.kt:4)
	at CommentService.&lt;init&gt;(CommentService.kt:4)
	at NoteService.&lt;init&gt;(NoteService.kt:4)
	at CommentService.&lt;init&gt;(CommentService.kt:4)
	at NoteService.&lt;init&gt;(NoteService.kt:4)
	at CommentService.&lt;init&gt;(CommentService.kt:4)
	at NoteService.&lt;init&gt;(NoteService.kt:4)
	at CommentService.&lt;init&gt;(CommentService.kt:4)
	at NoteService.&lt;init&gt;(NoteService.kt:4)
	at CommentService.&lt;init&gt;(CommentService.kt:4)
	at NoteService.&lt;init&gt;(NoteService.kt:4)
	at CommentService.&lt;init&gt;(CommentService.kt:4)
	at NoteService.&lt;init&gt;(NoteService.kt:4)
	at CommentService.&lt;init&gt;(CommentService.kt:4)
	at NoteService.&lt;init&gt;(NoteService.kt:4)
	at CommentService.&lt;init&gt;(CommentService.kt:4)
	at NoteService.&lt;init&gt;(NoteService.kt:4)
	at CommentService.&lt;init&gt;(CommentService.kt:4)
	at NoteService.&lt;init&gt;(NoteService.kt:4)
	at CommentService.&lt;init&gt;(CommentService.kt:4)
	at NoteService.&lt;init&gt;(NoteService.kt:4)
	at CommentService.&lt;init&gt;(CommentService.kt:4)
	at NoteService.&lt;init&gt;(NoteService.kt:4)
	at CommentService.&lt;init&gt;(CommentService.kt:4)
	at NoteService.&lt;init&gt;(NoteService.kt:4)
	at CommentService.&lt;init&gt;(CommentService.kt:4)
	at NoteService.&lt;init&gt;(NoteService.kt:4)
	at CommentService.&lt;init&gt;(CommentService.kt:4)
	at NoteService.&lt;init&gt;(NoteService.kt:4)
	at CommentService.&lt;init&gt;(CommentService.kt:4)
	at NoteService.&lt;init&gt;(NoteService.kt:4)
	at CommentService.&lt;init&gt;(CommentService.kt:4)
	at NoteService.&lt;init&gt;(NoteService.kt:4)
	at CommentService.&lt;init&gt;(CommentService.kt:4)
	at NoteService.&lt;init&gt;(NoteService.kt:4)
	at CommentService.&lt;init&gt;(CommentService.kt:4)
	at NoteService.&lt;init&gt;(NoteService.kt:4)
	at CommentService.&lt;init&gt;(CommentService.kt:4)
	at NoteService.&lt;init&gt;(NoteService.kt:4)
	at CommentService.&lt;init&gt;(CommentService.kt:4)
	at NoteService.&lt;init&gt;(NoteService.kt:4)
	at CommentService.&lt;init&gt;(CommentService.kt:4)
	at NoteService.&lt;init&gt;(NoteService.kt:4)
	at CommentService.&lt;init&gt;(CommentService.kt:4)
	at NoteService.&lt;init&gt;(NoteService.kt:4)
	at CommentService.&lt;init&gt;(CommentService.kt:4)
	at NoteService.&lt;init&gt;(NoteService.kt:4)
	at CommentService.&lt;init&gt;(CommentService.kt:4)
	at NoteService.&lt;init&gt;(NoteService.kt:4)
	at CommentService.&lt;init&gt;(CommentService.kt:4)
	at NoteService.&lt;init&gt;(NoteService.kt:4)
	at CommentService.&lt;init&gt;(CommentService.kt:4)
	at NoteService.&lt;init&gt;(NoteService.kt:4)
	at CommentService.&lt;init&gt;(CommentService.kt:4)
	at NoteService.&lt;init&gt;(NoteService.kt:4)
	at CommentService.&lt;init&gt;(CommentService.kt:4)
	at NoteService.&lt;init&gt;(NoteService.kt:4)
	at CommentService.&lt;init&gt;(CommentService.kt:4)
	at NoteService.&lt;init&gt;(NoteService.kt:4)
	at CommentService.&lt;init&gt;(CommentService.kt:4)
	at NoteService.&lt;init&gt;(NoteService.kt:4)
	at CommentService.&lt;init&gt;(CommentService.kt:4)
	at NoteService.&lt;init&gt;(NoteService.kt:4)
	at CommentService.&lt;init&gt;(CommentService.kt:4)
	at NoteService.&lt;init&gt;(NoteService.kt:4)
	at CommentService.&lt;init&gt;(CommentService.kt:4)
	at NoteService.&lt;init&gt;(NoteService.kt:4)
	at CommentService.&lt;init&gt;(CommentService.kt:4)
	at NoteService.&lt;init&gt;(NoteService.kt:4)
	at CommentService.&lt;init&gt;(CommentService.kt:4)
	at NoteService.&lt;init&gt;(NoteService.kt:4)
	at CommentService.&lt;init&gt;(CommentService.kt:4)
	at NoteService.&lt;init&gt;(NoteService.kt:4)
	at CommentService.&lt;init&gt;(CommentService.kt:4)
	at NoteService.&lt;init&gt;(NoteService.kt:4)
	at CommentService.&lt;init&gt;(CommentService.kt:4)
	at NoteService.&lt;init&gt;(NoteService.kt:4)
	at CommentService.&lt;init&gt;(CommentService.kt:4)
	at NoteService.&lt;init&gt;(NoteService.kt:4)
	at CommentService.&lt;init&gt;(CommentService.kt:4)
	at NoteService.&lt;init&gt;(NoteService.kt:4)
	at CommentService.&lt;init&gt;(CommentService.kt:4)
	at NoteService.&lt;init&gt;(NoteService.kt:4)
	at CommentService.&lt;init&gt;(CommentService.kt:4)
	at NoteService.&lt;init&gt;(NoteService.kt:4)
	at CommentService.&lt;init&gt;(CommentService.kt:4)
	at NoteService.&lt;init&gt;(NoteService.kt:4)
	at CommentService.&lt;init&gt;(CommentService.kt:4)
	at NoteService.&lt;init&gt;(NoteService.kt:4)
	at CommentService.&lt;init&gt;(CommentService.kt:4)
	at NoteService.&lt;init&gt;(NoteService.kt:4)
	at CommentService.&lt;init&gt;(CommentService.kt:4)
	at NoteService.&lt;init&gt;(NoteService.kt:4)
	at CommentService.&lt;init&gt;(CommentService.kt:4)
	at NoteService.&lt;init&gt;(NoteService.kt:4)
	at CommentService.&lt;init&gt;(CommentService.kt:4)
	at NoteService.&lt;init&gt;(NoteService.kt:4)
	at CommentService.&lt;init&gt;(CommentService.kt:4)
	at NoteService.&lt;init&gt;(NoteService.kt:4)
	at CommentService.&lt;init&gt;(CommentService.kt:4)
	at NoteService.&lt;init&gt;(NoteService.kt:4)
	at CommentService.&lt;init&gt;(CommentService.kt:4)
	at NoteService.&lt;init&gt;(NoteService.kt:4)
	at CommentService.&lt;init&gt;(CommentService.kt:4)
	at NoteService.&lt;init&gt;(NoteService.kt:4)
	at CommentService.&lt;init&gt;(CommentService.kt:4)
	at NoteService.&lt;init&gt;(NoteService.kt:4)
	at CommentService.&lt;init&gt;(CommentService.kt:4)
	at NoteService.&lt;init&gt;(NoteService.kt:4)
	at CommentService.&lt;init&gt;(CommentService.kt:4)
	at NoteService.&lt;init&gt;(NoteService.kt:4)
	at CommentService.&lt;init&gt;(CommentService.kt:4)
	at NoteService.&lt;init&gt;(NoteService.kt:4)
	at CommentService.&lt;init&gt;(CommentService.kt:4)
	at NoteService.&lt;init&gt;(NoteService.kt:4)
	at CommentService.&lt;init&gt;(CommentService.kt:4)
	at NoteService.&lt;init&gt;(NoteService.kt:4)
	at CommentService.&lt;init&gt;(CommentService.kt:4)
	at NoteService.&lt;init&gt;(NoteService.kt:4)
	at CommentService.&lt;init&gt;(CommentService.kt:4)
	at NoteService.&lt;init&gt;(NoteService.kt:4)
	at CommentService.&lt;init&gt;(CommentService.kt:4)
	at NoteService.&lt;init&gt;(NoteService.kt:4)
	at CommentService.&lt;init&gt;(CommentService.kt:4)
	at NoteService.&lt;init&gt;(NoteService.kt:4)
	at CommentService.&lt;init&gt;(CommentService.kt:4)
	at NoteService.&lt;init&gt;(NoteService.kt:4)
	at CommentService.&lt;init&gt;(CommentService.kt:4)
	at NoteService.&lt;init&gt;(NoteService.kt:4)
	at CommentService.&lt;init&gt;(CommentService.kt:4)
	at NoteService.&lt;init&gt;(NoteService.kt:4)
	at CommentService.&lt;init&gt;(CommentService.kt:4)
	at NoteService.&lt;init&gt;(NoteService.kt:4)
	at CommentService.&lt;init&gt;(CommentService.kt:4)
	at NoteService.&lt;init&gt;(NoteService.kt:4)
	at CommentService.&lt;init&gt;(CommentService.kt:4)
	at NoteService.&lt;init&gt;(NoteService.kt:4)
	at CommentService.&lt;init&gt;(CommentService.kt:4)
	at NoteService.&lt;init&gt;(NoteService.kt:4)
	at CommentService.&lt;init&gt;(CommentService.kt:4)
	at NoteService.&lt;init&gt;(NoteService.kt:4)
	at CommentService.&lt;init&gt;(CommentService.kt:4)
	at NoteService.&lt;init&gt;(NoteService.kt:4)
	at CommentService.&lt;init&gt;(CommentService.kt:4)
	at NoteService.&lt;init&gt;(NoteService.kt:4)
	at CommentService.&lt;init&gt;(CommentService.kt:4)
	at NoteService.&lt;init&gt;(NoteService.kt:4)
	at CommentService.&lt;init&gt;(CommentService.kt:4)
	at NoteService.&lt;init&gt;(NoteService.kt:4)
	at CommentService.&lt;init&gt;(CommentService.kt:4)
	at NoteService.&lt;init&gt;(NoteService.kt:4)
	at CommentService.&lt;init&gt;(CommentService.kt:4)
	at NoteService.&lt;init&gt;(NoteService.kt:4)
	at CommentService.&lt;init&gt;(CommentService.kt:4)
	at NoteService.&lt;init&gt;(NoteService.kt:4)
	at CommentService.&lt;init&gt;(CommentService.kt:4)
	at NoteService.&lt;init&gt;(NoteService.kt:4)
	at CommentService.&lt;init&gt;(CommentService.kt:4)
	at NoteService.&lt;init&gt;(NoteService.kt:4)
	at CommentService.&lt;init&gt;(CommentService.kt:4)
	at NoteService.&lt;init&gt;(NoteService.kt:4)
	at CommentService.&lt;init&gt;(CommentService.kt:4)
	at NoteService.&lt;init&gt;(NoteService.kt:4)
	at CommentService.&lt;init&gt;(CommentService.kt:4)
	at NoteService.&lt;init&gt;(NoteService.kt:4)
	at CommentService.&lt;init&gt;(CommentService.kt:4)
	at NoteService.&lt;init&gt;(NoteService.kt:4)
	at CommentService.&lt;init&gt;(CommentService.kt:4)
	at NoteService.&lt;init&gt;(NoteService.kt:4)
	at CommentService.&lt;init&gt;(CommentService.kt:4)
	at NoteService.&lt;init&gt;(NoteService.kt:4)
	at CommentService.&lt;init&gt;(CommentService.kt:4)
	at NoteService.&lt;init&gt;(NoteService.kt:4)
	at CommentService.&lt;init&gt;(CommentService.kt:4)
	at NoteService.&lt;init&gt;(NoteService.kt:4)
	at CommentService.&lt;init&gt;(CommentService.kt:4)
	at NoteService.&lt;init&gt;(NoteService.kt:4)
	at CommentService.&lt;init&gt;(CommentService.kt:4)
	at NoteService.&lt;init&gt;(NoteService.kt:4)
	at CommentService.&lt;init&gt;(CommentService.kt:4)
	at NoteService.&lt;init&gt;(NoteService.kt:4)
	at CommentService.&lt;init&gt;(CommentService.kt:4)
	at NoteService.&lt;init&gt;(NoteService.kt:4)
	at CommentService.&lt;init&gt;(CommentService.kt:4)
	at NoteService.&lt;init&gt;(NoteService.kt:4)
	at CommentService.&lt;init&gt;(CommentService.kt:4)
	at NoteService.&lt;init&gt;(NoteService.kt:4)
	at CommentService.&lt;init&gt;(CommentService.kt:4)
	at NoteService.&lt;init&gt;(NoteService.kt:4)
	at CommentService.&lt;init&gt;(CommentService.kt:4)
	at NoteService.&lt;init&gt;(NoteService.kt:4)
	at CommentService.&lt;init&gt;(CommentService.kt:4)
	at NoteService.&lt;init&gt;(NoteService.kt:4)
	at CommentService.&lt;init&gt;(CommentService.kt:4)
	at NoteService.&lt;init&gt;(NoteService.kt:4)
	at CommentService.&lt;init&gt;(CommentService.kt:4)
	at NoteService.&lt;init&gt;(NoteService.kt:4)
	at CommentService.&lt;init&gt;(CommentService.kt:4)
	at NoteService.&lt;init&gt;(NoteService.kt:4)
	at CommentService.&lt;init&gt;(CommentService.kt:4)
	at NoteService.&lt;init&gt;(NoteService.kt:4)
	at CommentService.&lt;init&gt;(CommentService.kt:4)
	at NoteService.&lt;init&gt;(NoteService.kt:4)
	at CommentService.&lt;init&gt;(CommentService.kt:4)
	at NoteService.&lt;init&gt;(NoteService.kt:4)
	at CommentService.&lt;init&gt;(CommentService.kt:4)
	at NoteService.&lt;init&gt;(NoteService.kt:4)
	at CommentService.&lt;init&gt;(CommentService.kt:4)
	at NoteService.&lt;init&gt;(NoteService.kt:4)
	at CommentService.&lt;init&gt;(CommentService.kt:4)
	at NoteService.&lt;init&gt;(NoteService.kt:4)
	at CommentService.&lt;init&gt;(CommentService.kt:4)
	at NoteService.&lt;init&gt;(NoteService.kt:4)
	at CommentService.&lt;init&gt;(CommentService.kt:4)
	at NoteService.&lt;init&gt;(NoteService.kt:4)
	at CommentService.&lt;init&gt;(CommentService.kt:4)
	at NoteService.&lt;init&gt;(NoteService.kt:4)
	at CommentService.&lt;init&gt;(CommentService.kt:4)
	at NoteService.&lt;init&gt;(NoteService.kt:4)
	at CommentService.&lt;init&gt;(CommentService.kt:4)
	at NoteService.&lt;init&gt;(NoteService.kt:4)
	at CommentService.&lt;init&gt;(CommentService.kt:4)
[...]
	at NoteService.&lt;init&gt;(NoteService.kt:4)
	at CommentService.&lt;init&gt;(CommentService.kt:4)
	at NoteService.&lt;init&gt;(NoteService.kt:4)
	at CommentService.&lt;init&gt;(CommentService.kt:4)
	at NoteService.&lt;init&gt;(NoteService.kt:4)
	at CommentService.&lt;init&gt;(CommentService.kt:4)
	at NoteService.&lt;init&gt;(NoteService.kt:4)
	at CommentService.&lt;init&gt;(CommentService.kt:4)
	at NoteService.&lt;init&gt;(NoteService.kt:4)
	at CommentService.&lt;init&gt;(CommentService.kt:4)
	at NoteService.&lt;init&gt;(NoteService.kt:4)
	at CommentService.&lt;init&gt;(CommentService.kt:4)
	at NoteService.&lt;init&gt;(NoteService.kt:4)
	at CommentService.&lt;init&gt;(CommentService.kt:4)
	at NoteService.&lt;init&gt;(NoteService.kt:4)
	at CommentService.&lt;init&gt;(CommentService.kt:4)
	at NoteService.&lt;init&gt;(NoteService.kt:4)
	at CommentService.&lt;init&gt;(CommentService.kt:4)
	at NoteService.&lt;init&gt;(NoteService.kt:4)
	at CommentService.&lt;init&gt;(CommentService.kt:4)
	at NoteService.&lt;init&gt;(NoteService.kt:4)
	at CommentService.&lt;init&gt;(CommentService.kt:4)
	at NoteService.&lt;init&gt;(NoteService.kt:4)
	at CommentService.&lt;init&gt;(CommentService.kt:4)
	at NoteService.&lt;init&gt;(NoteService.kt:4)
	at CommentService.&lt;init&gt;(CommentService.kt:4)
	at NoteService.&lt;init&gt;(NoteService.kt:4)
	at CommentService.&lt;init&gt;(CommentService.kt:4)
	at NoteService.&lt;init&gt;(NoteService.kt:4)
	at CommentService.&lt;init&gt;(CommentService.kt:4)
	at NoteService.&lt;init&gt;(NoteService.kt:4)
	at CommentService.&lt;init&gt;(CommentService.kt:4)
	at NoteService.&lt;init&gt;(NoteService.kt:4)
	at CommentService.&lt;init&gt;(CommentService.kt:4)
	at NoteService.&lt;init&gt;(NoteService.kt:4)
	at CommentService.&lt;init&gt;(CommentService.kt:4)
	at NoteService.&lt;init&gt;(NoteService.kt:4)
	at CommentService.&lt;init&gt;(CommentService.kt:4)
	at NoteService.&lt;init&gt;(NoteService.kt:4)
	at CommentService.&lt;init&gt;(CommentService.kt:4)
	at NoteService.&lt;init&gt;(NoteService.kt:4)
	at CommentService.&lt;init&gt;(CommentService.kt:4)
	at NoteService.&lt;init&gt;(NoteService.kt:4)
	at CommentService.&lt;init&gt;(CommentService.kt:4)
	at NoteService.&lt;init&gt;(NoteService.kt:4)
	at CommentService.&lt;init&gt;(CommentService.kt:4)
	at NoteService.&lt;init&gt;(NoteService.kt:4)
	at CommentService.&lt;init&gt;(CommentService.kt:4)
	at NoteService.&lt;init&gt;(NoteService.kt:4)
	at CommentService.&lt;init&gt;(CommentService.kt:4)
	at NoteService.&lt;init&gt;(NoteService.kt:4)
	at CommentService.&lt;init&gt;(CommentService.kt:4)
	at NoteService.&lt;init&gt;(NoteService.kt:4)
	at CommentService.&lt;init&gt;(CommentService.kt:4)
	at NoteService.&lt;init&gt;(NoteService.kt:4)
	at CommentService.&lt;init&gt;(CommentService.kt:4)
	at NoteService.&lt;init&gt;(NoteService.kt:4)
	at CommentService.&lt;init&gt;(CommentService.kt:4)
	at NoteService.&lt;init&gt;(NoteService.kt:4)
	at CommentService.&lt;init&gt;(CommentService.kt:4)
	at NoteService.&lt;init&gt;(NoteService.kt:4)
	at CommentService.&lt;init&gt;(CommentService.kt:4)
	at NoteService.&lt;init&gt;(NoteService.kt:4)
	at CommentService.&lt;init&gt;(CommentService.kt:4)
	at NoteService.&lt;init&gt;(NoteService.kt:4)
	at CommentService.&lt;init&gt;(CommentService.kt:4)
	at NoteService.&lt;init&gt;(NoteService.kt:4)
	at CommentService.&lt;init&gt;(CommentService.kt:4)
	at NoteService.&lt;init&gt;(NoteService.kt:4)
	at CommentService.&lt;init&gt;(CommentService.kt:4)
	at NoteService.&lt;init&gt;(NoteService.kt:4)
	at CommentService.&lt;init&gt;(CommentService.kt:4)
	at NoteService.&lt;init&gt;(NoteService.kt:4)
	at CommentService.&lt;init&gt;(CommentService.kt:4)
	at NoteService.&lt;init&gt;(NoteService.kt:4)
	at CommentService.&lt;init&gt;(CommentService.kt:4)
	at NoteService.&lt;init&gt;(NoteService.kt:4)
	at CommentService.&lt;init&gt;(CommentService.kt:4)
	at NoteService.&lt;init&gt;(NoteService.kt:4)
	at CommentService.&lt;init&gt;(CommentService.kt:4)
	at NoteService.&lt;init&gt;(NoteService.kt:4)
	at CommentService.&lt;init&gt;(CommentService.kt:4)
	at NoteService.&lt;init&gt;(NoteService.kt:4)
	at CommentService.&lt;init&gt;(CommentService.kt:4)
	at NoteService.&lt;init&gt;(NoteService.kt:4)
	at CommentService.&lt;init&gt;(CommentService.kt:4)
	at NoteService.&lt;init&gt;(NoteService.kt:4)
	at CommentService.&lt;init&gt;(CommentService.kt:4)
	at NoteService.&lt;init&gt;(NoteService.kt:4)
	at CommentService.&lt;init&gt;(CommentService.kt:4)
	at NoteService.&lt;init&gt;(NoteService.kt:4)
	at CommentService.&lt;init&gt;(CommentService.kt:4)
	at NoteService.&lt;init&gt;(NoteService.kt:4)
	at CommentService.&lt;init&gt;(CommentService.kt:4)
	at NoteService.&lt;init&gt;(NoteService.kt:4)
	at CommentService.&lt;init&gt;(CommentService.kt:4)
	at NoteService.&lt;init&gt;(NoteService.kt:4)
	at CommentService.&lt;init&gt;(CommentService.kt:4)
	at NoteService.&lt;init&gt;(NoteService.kt:4)
	at CommentService.&lt;init&gt;(CommentService.kt:4)
	at NoteService.&lt;init&gt;(NoteService.kt:4)
	at CommentService.&lt;init&gt;(CommentService.kt:4)
	at NoteService.&lt;init&gt;(NoteService.kt:4)
	at CommentService.&lt;init&gt;(CommentService.kt:4)
	at NoteService.&lt;init&gt;(NoteService.kt:4)
	at CommentService.&lt;init&gt;(CommentService.kt:4)
	at NoteService.&lt;init&gt;(NoteService.kt:4)
	at CommentService.&lt;init&gt;(CommentService.kt:4)
	at NoteService.&lt;init&gt;(NoteService.kt:4)
	at CommentService.&lt;init&gt;(CommentService.kt:4)
	at NoteService.&lt;init&gt;(NoteService.kt:4)
	at CommentService.&lt;init&gt;(CommentService.kt:4)
	at NoteService.&lt;init&gt;(NoteService.kt:4)
	at CommentService.&lt;init&gt;(CommentService.kt:4)
	at NoteService.&lt;init&gt;(NoteService.kt:4)
	at CommentService.&lt;init&gt;(CommentService.kt:4)
	at NoteService.&lt;init&gt;(NoteService.kt:4)
	at CommentService.&lt;init&gt;(CommentService.kt:4)
	at NoteService.&lt;init&gt;(NoteService.kt:4)
	at CommentService.&lt;init&gt;(CommentService.kt:4)
	at NoteService.&lt;init&gt;(NoteService.kt:4)
	at CommentService.&lt;init&gt;(CommentService.kt:4)
	at NoteService.&lt;init&gt;(NoteService.kt:4)
	at CommentService.&lt;init&gt;(CommentService.kt:4)
	at NoteService.&lt;init&gt;(NoteService.kt:4)
	at CommentService.&lt;init&gt;(CommentService.kt:4)
	at NoteService.&lt;init&gt;(NoteService.kt:4)
	at CommentService.&lt;init&gt;(CommentService.kt:4)
	at NoteService.&lt;init&gt;(NoteService.kt:4)
	at CommentService.&lt;init&gt;(CommentService.kt:4)
	at NoteService.&lt;init&gt;(NoteService.kt:4)
	at CommentService.&lt;init&gt;(CommentService.kt:4)
	at NoteService.&lt;init&gt;(NoteService.kt:4)
	at CommentService.&lt;init&gt;(CommentService.kt:4)
	at NoteService.&lt;init&gt;(NoteService.kt:4)
	at CommentService.&lt;init&gt;(CommentService.kt:4)
	at NoteService.&lt;init&gt;(NoteService.kt:4)
	at CommentService.&lt;init&gt;(CommentService.kt:4)
	at NoteService.&lt;init&gt;(NoteService.kt:4)
	at CommentService.&lt;init&gt;(CommentService.kt:4)
	at NoteService.&lt;init&gt;(NoteService.kt:4)
	at CommentService.&lt;init&gt;(CommentService.kt:4)
	at NoteService.&lt;init&gt;(NoteService.kt:4)
	at CommentService.&lt;init&gt;(CommentService.kt:4)
	at NoteService.&lt;init&gt;(NoteService.kt:4)
	at CommentService.&lt;init&gt;(CommentService.kt:4)
	at NoteService.&lt;init&gt;(NoteService.kt:4)
	at CommentService.&lt;init&gt;(CommentService.kt:4)
	at NoteService.&lt;init&gt;(NoteService.kt:4)
	at CommentService.&lt;init&gt;(CommentService.kt:4)
	at NoteService.&lt;init&gt;(NoteService.kt:4)
	at CommentService.&lt;init&gt;(CommentService.kt:4)
	at NoteService.&lt;init&gt;(NoteService.kt:4)
	at CommentService.&lt;init&gt;(CommentService.kt:4)
	at NoteService.&lt;init&gt;(NoteService.kt:4)
	at CommentService.&lt;init&gt;(CommentService.kt:4)
	at NoteService.&lt;init&gt;(NoteService.kt:4)
	at CommentService.&lt;init&gt;(CommentService.kt:4)
	at NoteService.&lt;init&gt;(NoteService.kt:4)
	at CommentService.&lt;init&gt;(CommentService.kt:4)
	at NoteService.&lt;init&gt;(NoteService.kt:4)
	at CommentService.&lt;init&gt;(CommentService.kt:4)
	at NoteService.&lt;init&gt;(NoteService.kt:4)
	at CommentService.&lt;init&gt;(CommentService.kt:4)
	at NoteService.&lt;init&gt;(NoteService.kt:4)
	at CommentService.&lt;init&gt;(CommentService.kt:4)
	at NoteService.&lt;init&gt;(NoteService.kt:4)
	at CommentService.&lt;init&gt;(CommentService.kt:4)
	at NoteService.&lt;init&gt;(NoteService.kt:4)
	at CommentService.&lt;init&gt;(CommentService.kt:4)
	at NoteService.&lt;init&gt;(NoteService.kt:4)
	at CommentService.&lt;init&gt;(CommentService.kt:4)
	at NoteService.&lt;init&gt;(NoteService.kt:4)
	at CommentService.&lt;init&gt;(CommentService.kt:4)
	at NoteService.&lt;init&gt;(NoteService.kt:4)
	at CommentService.&lt;init&gt;(CommentService.kt:4)
	at NoteService.&lt;init&gt;(NoteService.kt:4)
	at CommentService.&lt;init&gt;(CommentService.kt:4)
	at NoteService.&lt;init&gt;(NoteService.kt:4)
	at CommentService.&lt;init&gt;(CommentService.kt:4)
	at NoteService.&lt;init&gt;(NoteService.kt:4)
	at CommentService.&lt;init&gt;(CommentService.kt:4)
	at NoteService.&lt;init&gt;(NoteService.kt:4)
	at CommentService.&lt;init&gt;(CommentService.kt:4)
	at NoteService.&lt;init&gt;(NoteService.kt:4)
	at CommentService.&lt;init&gt;(CommentService.kt:4)
	at NoteService.&lt;init&gt;(NoteService.kt:4)
	at CommentService.&lt;init&gt;(CommentService.kt:4)
	at NoteService.&lt;init&gt;(NoteService.kt:4)
	at CommentService.&lt;init&gt;(CommentService.kt:4)
	at NoteService.&lt;init&gt;(NoteService.kt:4)
	at CommentService.&lt;init&gt;(CommentService.kt:4)
	at NoteService.&lt;init&gt;(NoteService.kt:4)
	at CommentService.&lt;init&gt;(CommentService.kt:4)
	at NoteService.&lt;init&gt;(NoteService.kt:4)
	at CommentService.&lt;init&gt;(CommentService.kt:4)
	at NoteService.&lt;init&gt;(NoteService.kt:4)
	at CommentService.&lt;init&gt;(CommentService.kt:4)
	at NoteService.&lt;init&gt;(NoteService.kt:4)
	at CommentService.&lt;init&gt;(CommentService.kt:4)
	at NoteService.&lt;init&gt;(NoteService.kt:4)
	at CommentService.&lt;init&gt;(CommentService.kt:4)
	at NoteService.&lt;init&gt;(NoteService.kt:4)
	at CommentService.&lt;init&gt;(CommentService.kt:4)
	at NoteService.&lt;init&gt;(NoteService.kt:4)
	at CommentService.&lt;init&gt;(CommentService.kt:4)
	at NoteService.&lt;init&gt;(NoteService.kt:4)
	at CommentService.&lt;init&gt;(CommentService.kt:4)
	at NoteService.&lt;init&gt;(NoteService.kt:4)
	at CommentService.&lt;init&gt;(CommentService.kt:4)
	at NoteService.&lt;init&gt;(NoteService.kt:4)
	at CommentService.&lt;init&gt;(CommentService.kt:4)
	at NoteService.&lt;init&gt;(NoteService.kt:4)
	at CommentService.&lt;init&gt;(CommentService.kt:4)
	at NoteService.&lt;init&gt;(NoteService.kt:4)
	at CommentService.&lt;init&gt;(CommentService.kt:4)
	at NoteService.&lt;init&gt;(NoteService.kt:4)
	at CommentService.&lt;init&gt;(CommentService.kt:4)
	at NoteService.&lt;init&gt;(NoteService.kt:4)
	at CommentService.&lt;init&gt;(CommentService.kt:4)
	at NoteService.&lt;init&gt;(NoteService.kt:4)
	at CommentService.&lt;init&gt;(CommentService.kt:4)
	at NoteService.&lt;init&gt;(NoteService.kt:4)
	at CommentService.&lt;init&gt;(CommentService.kt:4)
	at NoteService.&lt;init&gt;(NoteService.kt:4)
	at CommentService.&lt;init&gt;(CommentService.kt:4)
	at NoteService.&lt;init&gt;(NoteService.kt:4)
	at CommentService.&lt;init&gt;(CommentService.kt:4)
	at NoteService.&lt;init&gt;(NoteService.kt:4)
	at CommentService.&lt;init&gt;(CommentService.kt:4)
	at NoteService.&lt;init&gt;(NoteService.kt:4)
	at CommentService.&lt;init&gt;(CommentService.kt:4)
	at NoteService.&lt;init&gt;(NoteService.kt:4)
	at CommentService.&lt;init&gt;(CommentService.kt:4)
	at NoteService.&lt;init&gt;(NoteService.kt:4)
	at CommentService.&lt;init&gt;(CommentService.kt:4)
	at NoteService.&lt;init&gt;(NoteService.kt:4)
	at CommentService.&lt;init&gt;(CommentService.kt:4)
	at NoteService.&lt;init&gt;(NoteService.kt:4)
	at CommentService.&lt;init&gt;(CommentService.kt:4)
	at NoteService.&lt;init&gt;(NoteService.kt:4)
	at CommentService.&lt;init&gt;(CommentService.kt:4)
	at NoteService.&lt;init&gt;(NoteService.kt:4)
	at CommentService.&lt;init&gt;(CommentService.kt:4)
	at NoteService.&lt;init&gt;(NoteService.kt:4)
	at CommentService.&lt;init&gt;(CommentService.kt:4)
	at NoteService.&lt;init&gt;(NoteService.kt:4)
	at CommentService.&lt;init&gt;(CommentService.kt:4)
	at NoteService.&lt;init&gt;(NoteService.kt:4)
	at CommentService.&lt;init&gt;(CommentService.kt:4)
	at NoteService.&lt;init&gt;(NoteService.kt:4)
	at CommentService.&lt;init&gt;(CommentService.kt:4)
	at NoteService.&lt;init&gt;(NoteService.kt:4)
	at CommentService.&lt;init&gt;(CommentService.kt:4)
	at NoteService.&lt;init&gt;(NoteService.kt:4)
	at CommentService.&lt;init&gt;(CommentService.kt:4)
	at NoteService.&lt;init&gt;(NoteService.kt:4)
	at CommentService.&lt;init&gt;(CommentService.kt:4)
	at NoteService.&lt;init&gt;(NoteService.kt:4)
	at CommentService.&lt;init&gt;(CommentService.kt:4)
	at NoteService.&lt;init&gt;(NoteService.kt:4)
	at CommentService.&lt;init&gt;(CommentService.kt:4)
	at NoteService.&lt;init&gt;(NoteService.kt:4)
	at CommentService.&lt;init&gt;(CommentService.kt:4)
	at NoteService.&lt;init&gt;(NoteService.kt:4)
	at CommentService.&lt;init&gt;(CommentService.kt:4)
	at NoteService.&lt;init&gt;(NoteService.kt:4)
	at CommentService.&lt;init&gt;(CommentService.kt:4)
	at NoteService.&lt;init&gt;(NoteService.kt:4)
	at CommentService.&lt;init&gt;(CommentService.kt:4)
	at NoteService.&lt;init&gt;(NoteService.kt:4)
	at CommentService.&lt;init&gt;(CommentService.kt:4)
	at NoteService.&lt;init&gt;(NoteService.kt:4)
	at CommentService.&lt;init&gt;(CommentService.kt:4)
	at NoteService.&lt;init&gt;(NoteService.kt:4)
	at CommentService.&lt;init&gt;(CommentService.kt:4)
	at NoteService.&lt;init&gt;(NoteService.kt:4)
	at CommentService.&lt;init&gt;(CommentService.kt:4)
	at NoteService.&lt;init&gt;(NoteService.kt:4)
	at CommentService.&lt;init&gt;(CommentService.kt:4)
	at NoteService.&lt;init&gt;(NoteService.kt:4)
	at CommentService.&lt;init&gt;(CommentService.kt:4)
	at NoteService.&lt;init&gt;(NoteService.kt:4)
	at CommentService.&lt;init&gt;(CommentService.kt:4)
	at NoteService.&lt;init&gt;(NoteService.kt:4)
	at CommentService.&lt;init&gt;(CommentService.kt:4)
	at NoteService.&lt;init&gt;(NoteService.kt:4)
	at CommentService.&lt;init&gt;(CommentService.kt:4)
	at NoteService.&lt;init&gt;(NoteService.kt:4)
	at CommentService.&lt;init&gt;(CommentService.kt:4)
	at NoteService.&lt;init&gt;(NoteService.kt:4)
	at CommentService.&lt;init&gt;(CommentService.kt:4)
	at NoteService.&lt;init&gt;(NoteService.kt:4)
	at CommentService.&lt;init&gt;(CommentService.kt:4)
	at NoteService.&lt;init&gt;(NoteService.kt:4)
	at CommentService.&lt;init&gt;(CommentService.kt:4)
	at NoteService.&lt;init&gt;(NoteService.kt:4)
	at CommentService.&lt;init&gt;(CommentService.kt:4)
	at NoteService.&lt;init&gt;(NoteService.kt:4)
	at CommentService.&lt;init&gt;(CommentService.kt:4)
	at NoteService.&lt;init&gt;(NoteService.kt:4)
	at CommentService.&lt;init&gt;(CommentService.kt:4)
	at NoteService.&lt;init&gt;(NoteService.kt:4)
	at CommentService.&lt;init&gt;(CommentService.kt:4)
	at NoteService.&lt;init&gt;(NoteService.kt:4)
	at CommentService.&lt;init&gt;(CommentService.kt:4)
	at NoteService.&lt;init&gt;(NoteService.kt:4)
	at CommentService.&lt;init&gt;(CommentService.kt:4)
	at NoteService.&lt;init&gt;(NoteService.kt:4)
	at CommentService.&lt;init&gt;(CommentService.kt:4)
	at NoteService.&lt;init&gt;(NoteService.kt:4)
	at CommentService.&lt;init&gt;(CommentService.kt:4)
	at NoteService.&lt;init&gt;(NoteService.kt:4)
	at CommentService.&lt;init&gt;(CommentService.kt:4)
	at NoteService.&lt;init&gt;(NoteService.kt:4)
	at CommentService.&lt;init&gt;(CommentService.kt:4)
	at NoteService.&lt;init&gt;(NoteService.kt:4)
	at CommentService.&lt;init&gt;(CommentService.kt:4)
	at NoteService.&lt;init&gt;(NoteService.kt:4)
	at CommentService.&lt;init&gt;(CommentService.kt:4)
	at NoteService.&lt;init&gt;(NoteService.kt:4)
	at CommentService.&lt;init&gt;(CommentService.kt:4)
	at NoteService.&lt;init&gt;(NoteService.kt:4)
	at CommentService.&lt;init&gt;(CommentService.kt:4)
	at NoteService.&lt;init&gt;(NoteService.kt:4)
	at CommentService.&lt;init&gt;(CommentService.kt:4)
	at NoteService.&lt;init&gt;(NoteService.kt:4)
	at CommentService.&lt;init&gt;(CommentService.kt:4)
	at NoteService.&lt;init&gt;(NoteService.kt:4)
	at CommentService.&lt;init&gt;(CommentService.kt:4)
	at NoteService.&lt;init&gt;(NoteService.kt:4)
	at CommentService.&lt;init&gt;(CommentService.kt:4)
	at NoteService.&lt;init&gt;(NoteService.kt:4)
	at CommentService.&lt;init&gt;(CommentService.kt:4)
	at NoteService.&lt;init&gt;(NoteService.kt:4)
	at CommentService.&lt;init&gt;(CommentService.kt:4)
	at NoteService.&lt;init&gt;(NoteService.kt:4)
	at CommentService.&lt;init&gt;(CommentService.kt:4)
	at NoteService.&lt;init&gt;(NoteService.kt:4)
	at CommentService.&lt;init&gt;(CommentService.kt:4)
	at NoteService.&lt;init&gt;(NoteService.kt:4)
	at CommentService.&lt;init&gt;(CommentService.kt:4)
	at NoteService.&lt;init&gt;(NoteService.kt:4)
	at CommentService.&lt;init&gt;(CommentService.kt:4)
	at NoteService.&lt;init&gt;(NoteService.kt:4)
	at CommentService.&lt;init&gt;(CommentService.kt:4)
	at NoteService.&lt;init&gt;(NoteService.kt:4)
	at CommentService.&lt;init&gt;(CommentService.kt:4)
	at NoteService.&lt;init&gt;(NoteService.kt:4)
	at CommentService.&lt;init&gt;(CommentService.kt:4)
	at NoteService.&lt;init&gt;(NoteService.kt:4)
	at CommentService.&lt;init&gt;(CommentService.kt:4)
	at NoteService.&lt;init&gt;(NoteService.kt:4)
	at CommentService.&lt;init&gt;(CommentService.kt:4)
	at NoteService.&lt;init&gt;(NoteService.kt:4)
	at CommentService.&lt;init&gt;(CommentService.kt:4)
	at NoteService.&lt;init&gt;(NoteService.kt:4)
	at CommentService.&lt;init&gt;(CommentService.kt:4)
	at NoteService.&lt;init&gt;(NoteService.kt:4)
	at CommentService.&lt;init&gt;(CommentService.kt:4)
	at NoteService.&lt;init&gt;(NoteService.kt:4)
	at CommentService.&lt;init&gt;(CommentService.kt:4)
	at NoteService.&lt;init&gt;(NoteService.kt:4)
	at CommentService.&lt;init&gt;(CommentService.kt:4)
	at NoteService.&lt;init&gt;(NoteService.kt:4)
	at CommentService.&lt;init&gt;(CommentService.kt:4)
	at NoteService.&lt;init&gt;(NoteService.kt:4)
	at CommentService.&lt;init&gt;(CommentService.kt:4)
	at NoteService.&lt;init&gt;(NoteService.kt:4)
	at CommentService.&lt;init&gt;(CommentService.kt:4)
	at NoteService.&lt;init&gt;(NoteService.kt:4)
	at CommentService.&lt;init&gt;(CommentService.kt:4)
	at NoteService.&lt;init&gt;(NoteService.kt:4)
	at CommentService.&lt;init&gt;(CommentService.kt:4)
	at NoteService.&lt;init&gt;(NoteService.kt:4)
	at CommentService.&lt;init&gt;(CommentService.kt:4)
	at NoteService.&lt;init&gt;(NoteService.kt:4)
	at CommentService.&lt;init&gt;(CommentService.kt:4)
	at NoteService.&lt;init&gt;(NoteService.kt:4)
	at CommentService.&lt;init&gt;(CommentService.kt:4)
	at NoteService.&lt;init&gt;(NoteService.kt:4)
	at CommentService.&lt;init&gt;(CommentService.kt:4)
	at NoteService.&lt;init&gt;(NoteService.kt:4)
	at CommentService.&lt;init&gt;(CommentService.kt:4)
	at NoteService.&lt;init&gt;(NoteService.kt:4)
	at CommentService.&lt;init&gt;(CommentService.kt:4)
	at NoteService.&lt;init&gt;(NoteService.kt:4)
	at CommentService.&lt;init&gt;(CommentService.kt:4)
	at NoteService.&lt;init&gt;(NoteService.kt:4)
	at CommentService.&lt;init&gt;(CommentService.kt:4)
	at NoteService.&lt;init&gt;(NoteService.kt:4)
	at CommentService.&lt;init&gt;(CommentService.kt:4)
	at NoteService.&lt;init&gt;(NoteService.kt:4)
	at CommentService.&lt;init&gt;(CommentService.kt:4)
	at NoteService.&lt;init&gt;(NoteService.kt:4)
	at CommentService.&lt;init&gt;(CommentService.kt:4)
	at NoteService.&lt;init&gt;(NoteService.kt:4)
</failure>
  </testcase>
  <system-out><![CDATA[]]></system-out>
  <system-err><![CDATA[]]></system-err>
</testsuite>
